mode: atomic
github.com/aaronangxz/SeaDinner/Processors/get_day_id.go:16.28,25.21 3 0
github.com/aaronangxz/SeaDinner/Processors/get_day_id.go:36.2,46.16 3 0
github.com/aaronangxz/SeaDinner/Processors/get_day_id.go:50.2,52.107 2 0
github.com/aaronangxz/SeaDinner/Processors/get_day_id.go:58.2,58.75 1 0
github.com/aaronangxz/SeaDinner/Processors/get_day_id.go:64.2,64.18 1 0
github.com/aaronangxz/SeaDinner/Processors/get_day_id.go:25.21,26.28 1 0
github.com/aaronangxz/SeaDinner/Processors/get_day_id.go:26.28,28.4 1 0
github.com/aaronangxz/SeaDinner/Processors/get_day_id.go:28.9,30.4 1 0
github.com/aaronangxz/SeaDinner/Processors/get_day_id.go:31.8,34.3 2 0
github.com/aaronangxz/SeaDinner/Processors/get_day_id.go:46.16,48.3 1 0
github.com/aaronangxz/SeaDinner/Processors/get_day_id.go:52.107,55.3 2 0
github.com/aaronangxz/SeaDinner/Processors/get_day_id.go:58.75,60.3 1 0
github.com/aaronangxz/SeaDinner/Processors/get_day_id.go:60.8,62.3 1 0
github.com/aaronangxz/SeaDinner/Processors/get_menu.go:20.75,32.16 5 0
github.com/aaronangxz/SeaDinner/Processors/get_menu.go:36.2,37.19 2 0
github.com/aaronangxz/SeaDinner/Processors/get_menu.go:32.16,34.3 1 0
github.com/aaronangxz/SeaDinner/Processors/get_menu.go:41.85,52.21 5 0
github.com/aaronangxz/SeaDinner/Processors/get_menu.go:69.2,73.16 3 0
github.com/aaronangxz/SeaDinner/Processors/get_menu.go:77.2,77.70 1 0
github.com/aaronangxz/SeaDinner/Processors/get_menu.go:83.2,84.19 2 0
github.com/aaronangxz/SeaDinner/Processors/get_menu.go:52.21,53.28 1 0
github.com/aaronangxz/SeaDinner/Processors/get_menu.go:53.28,55.4 1 0
github.com/aaronangxz/SeaDinner/Processors/get_menu.go:55.9,57.4 1 0
github.com/aaronangxz/SeaDinner/Processors/get_menu.go:58.8,61.17 3 0
github.com/aaronangxz/SeaDinner/Processors/get_menu.go:61.17,63.4 1 0
github.com/aaronangxz/SeaDinner/Processors/get_menu.go:63.9,66.4 2 0
github.com/aaronangxz/SeaDinner/Processors/get_menu.go:73.16,75.3 1 0
github.com/aaronangxz/SeaDinner/Processors/get_menu.go:77.70,79.3 1 0
github.com/aaronangxz/SeaDinner/Processors/get_menu.go:79.8,81.3 1 0
github.com/aaronangxz/SeaDinner/Processors/get_menu.go:88.93,100.21 5 0
github.com/aaronangxz/SeaDinner/Processors/get_menu.go:105.2,106.54 2 0
github.com/aaronangxz/SeaDinner/Processors/get_menu.go:114.2,114.32 1 0
github.com/aaronangxz/SeaDinner/Processors/get_menu.go:125.2,125.22 1 0
github.com/aaronangxz/SeaDinner/Processors/get_menu.go:135.2,135.19 1 0
github.com/aaronangxz/SeaDinner/Processors/get_menu.go:100.21,103.3 2 0
github.com/aaronangxz/SeaDinner/Processors/get_menu.go:106.54,107.34 1 0
github.com/aaronangxz/SeaDinner/Processors/get_menu.go:107.34,109.4 1 0
github.com/aaronangxz/SeaDinner/Processors/get_menu.go:109.9,111.4 1 0
github.com/aaronangxz/SeaDinner/Processors/get_menu.go:114.32,117.23 2 0
github.com/aaronangxz/SeaDinner/Processors/get_menu.go:117.23,121.4 3 0
github.com/aaronangxz/SeaDinner/Processors/get_menu.go:125.22,133.3 7 0
github.com/aaronangxz/SeaDinner/Processors/get_menu.go:138.22,141.21 2 0
github.com/aaronangxz/SeaDinner/Processors/get_menu.go:141.21,142.10 1 0
github.com/aaronangxz/SeaDinner/Processors/get_menu.go:142.10,149.47 5 0
github.com/aaronangxz/SeaDinner/Processors/get_menu.go:149.47,156.19 6 0
github.com/aaronangxz/SeaDinner/Processors/get_menu.go:161.5,161.73 1 0
github.com/aaronangxz/SeaDinner/Processors/get_menu.go:156.19,158.6 1 0
github.com/aaronangxz/SeaDinner/Processors/get_menu.go:161.73,163.6 1 0
github.com/aaronangxz/SeaDinner/Processors/get_menu.go:163.11,165.6 1 0
github.com/aaronangxz/SeaDinner/Processors/get_order.go:12.42,22.16 3 0
github.com/aaronangxz/SeaDinner/Processors/get_order.go:26.2,26.36 1 0
github.com/aaronangxz/SeaDinner/Processors/get_order.go:30.2,30.26 1 0
github.com/aaronangxz/SeaDinner/Processors/get_order.go:22.16,24.3 1 0
github.com/aaronangxz/SeaDinner/Processors/get_order.go:26.36,29.3 2 0
github.com/aaronangxz/SeaDinner/Processors/get_time.go:21.43,23.2 1 6
github.com/aaronangxz/SeaDinner/Processors/get_time.go:26.31,30.2 3 1
github.com/aaronangxz/SeaDinner/Processors/get_time.go:33.42,37.2 3 1
github.com/aaronangxz/SeaDinner/Processors/get_time.go:41.47,43.2 1 1
github.com/aaronangxz/SeaDinner/Processors/get_time.go:46.55,48.2 1 1
github.com/aaronangxz/SeaDinner/Processors/get_time.go:51.56,53.2 1 1
github.com/aaronangxz/SeaDinner/Processors/get_time.go:56.51,58.2 1 1
github.com/aaronangxz/SeaDinner/Processors/get_time.go:61.25,63.2 1 0
github.com/aaronangxz/SeaDinner/Processors/get_time.go:66.23,69.2 2 0
github.com/aaronangxz/SeaDinner/Processors/get_time.go:72.25,74.2 1 0
github.com/aaronangxz/SeaDinner/Processors/get_time.go:77.33,81.2 3 0
github.com/aaronangxz/SeaDinner/Processors/get_time.go:84.30,88.2 3 0
github.com/aaronangxz/SeaDinner/Processors/get_time.go:91.25,104.16 5 0
github.com/aaronangxz/SeaDinner/Processors/get_time.go:108.2,108.37 1 0
github.com/aaronangxz/SeaDinner/Processors/get_time.go:104.16,106.3 1 0
github.com/aaronangxz/SeaDinner/Processors/get_time.go:112.55,122.2 7 2
github.com/aaronangxz/SeaDinner/Processors/get_time.go:125.32,127.2 1 0
github.com/aaronangxz/SeaDinner/Processors/get_time.go:130.29,134.2 1 0
github.com/aaronangxz/SeaDinner/Processors/get_time.go:137.25,139.2 1 0
github.com/aaronangxz/SeaDinner/Processors/get_time.go:142.33,146.2 3 1
github.com/aaronangxz/SeaDinner/Processors/get_time.go:149.31,151.2 1 0
github.com/aaronangxz/SeaDinner/Processors/get_time.go:154.33,156.2 1 0
github.com/aaronangxz/SeaDinner/Processors/init.go:25.16,27.16 2 2
github.com/aaronangxz/SeaDinner/Processors/init.go:27.16,29.3 1 0
github.com/aaronangxz/SeaDinner/Processors/init.go:32.32,35.2 2 0
github.com/aaronangxz/SeaDinner/Processors/init.go:37.13,41.63 3 0
github.com/aaronangxz/SeaDinner/Processors/init.go:48.2,48.13 1 0
github.com/aaronangxz/SeaDinner/Processors/init.go:41.63,44.3 2 0
github.com/aaronangxz/SeaDinner/Processors/init.go:44.8,47.3 2 0
github.com/aaronangxz/SeaDinner/Processors/init.go:51.18,57.63 2 0
github.com/aaronangxz/SeaDinner/Processors/init.go:62.2,67.16 2 0
github.com/aaronangxz/SeaDinner/Processors/init.go:70.2,71.11 2 0
github.com/aaronangxz/SeaDinner/Processors/init.go:57.63,60.3 2 0
github.com/aaronangxz/SeaDinner/Processors/init.go:67.16,69.3 1 0
github.com/aaronangxz/SeaDinner/Processors/init.go:74.21,80.16 4 0
github.com/aaronangxz/SeaDinner/Processors/init.go:85.2,86.9 2 0
github.com/aaronangxz/SeaDinner/Processors/init.go:80.16,82.42 2 0
github.com/aaronangxz/SeaDinner/Processors/init.go:89.25,95.16 4 1
github.com/aaronangxz/SeaDinner/Processors/init.go:100.2,101.9 2 1
github.com/aaronangxz/SeaDinner/Processors/init.go:95.16,97.47 2 0
github.com/aaronangxz/SeaDinner/Processors/init.go:104.21,114.41 4 0
github.com/aaronangxz/SeaDinner/Processors/init.go:117.2,118.19 2 0
github.com/aaronangxz/SeaDinner/Processors/init.go:114.41,116.3 1 0
github.com/aaronangxz/SeaDinner/Processors/init.go:121.25,131.41 4 0
github.com/aaronangxz/SeaDinner/Processors/init.go:134.2,135.19 2 0
github.com/aaronangxz/SeaDinner/Processors/init.go:131.41,133.3 1 0
github.com/aaronangxz/SeaDinner/Processors/order.go:19.94,29.63 4 0
github.com/aaronangxz/SeaDinner/Processors/order.go:40.2,43.57 3 0
github.com/aaronangxz/SeaDinner/Processors/order.go:68.2,74.29 2 0
github.com/aaronangxz/SeaDinner/Processors/order.go:87.2,88.23 2 0
github.com/aaronangxz/SeaDinner/Processors/order.go:29.63,38.3 2 0
github.com/aaronangxz/SeaDinner/Processors/order.go:43.57,52.17 3 0
github.com/aaronangxz/SeaDinner/Processors/order.go:57.3,57.56 1 0
github.com/aaronangxz/SeaDinner/Processors/order.go:61.3,61.30 1 0
github.com/aaronangxz/SeaDinner/Processors/order.go:65.3,65.73 1 0
github.com/aaronangxz/SeaDinner/Processors/order.go:52.17,54.12 2 0
github.com/aaronangxz/SeaDinner/Processors/order.go:57.56,59.4 1 0
github.com/aaronangxz/SeaDinner/Processors/order.go:61.30,63.9 2 0
github.com/aaronangxz/SeaDinner/Processors/order.go:74.29,76.24 2 0
github.com/aaronangxz/SeaDinner/Processors/order.go:76.24,78.4 1 0
github.com/aaronangxz/SeaDinner/Processors/order.go:78.9,80.4 1 0
github.com/aaronangxz/SeaDinner/Processors/order.go:81.8,86.3 4 0
github.com/aaronangxz/SeaDinner/Processors/order.go:93.79,104.33 6 0
github.com/aaronangxz/SeaDinner/Processors/order.go:121.2,125.51 4 0
github.com/aaronangxz/SeaDinner/Processors/order.go:104.33,105.45 1 0
github.com/aaronangxz/SeaDinner/Processors/order.go:110.3,111.44 2 0
github.com/aaronangxz/SeaDinner/Processors/order.go:105.45,107.12 2 0
github.com/aaronangxz/SeaDinner/Processors/order.go:111.44,117.4 4 0
github.com/aaronangxz/SeaDinner/Processors/order.go:128.87,138.33 5 0
github.com/aaronangxz/SeaDinner/Processors/order.go:161.2,165.59 4 0
github.com/aaronangxz/SeaDinner/Processors/order.go:138.33,139.46 1 0
github.com/aaronangxz/SeaDinner/Processors/order.go:144.3,145.44 2 0
github.com/aaronangxz/SeaDinner/Processors/order.go:139.46,141.12 2 0
github.com/aaronangxz/SeaDinner/Processors/order.go:145.44,149.8 3 0
github.com/aaronangxz/SeaDinner/Processors/order.go:149.8,150.39 1 0
github.com/aaronangxz/SeaDinner/Processors/order.go:150.39,154.11 4 0
github.com/aaronangxz/SeaDinner/Processors/order.go:169.56,173.20 3 0
github.com/aaronangxz/SeaDinner/Processors/order.go:177.2,177.81 1 0
github.com/aaronangxz/SeaDinner/Processors/order.go:173.20,176.3 2 0
github.com/aaronangxz/SeaDinner/Processors/order.go:177.81,179.3 1 0
github.com/aaronangxz/SeaDinner/Processors/order.go:183.75,193.16 5 0
github.com/aaronangxz/SeaDinner/Processors/order.go:196.2,209.41 11 0
github.com/aaronangxz/SeaDinner/Processors/order.go:212.2,212.82 1 0
github.com/aaronangxz/SeaDinner/Processors/order.go:193.16,195.3 1 0
github.com/aaronangxz/SeaDinner/Processors/order.go:209.41,211.3 1 0
github.com/aaronangxz/SeaDinner/Processors/order.go:216.38,225.35 6 0
github.com/aaronangxz/SeaDinner/Processors/order.go:229.2,231.16 3 0
github.com/aaronangxz/SeaDinner/Processors/order.go:225.35,227.3 1 0
github.com/aaronangxz/SeaDinner/Processors/prepare_order.go:15.58,22.19 4 0
github.com/aaronangxz/SeaDinner/Processors/prepare_order.go:33.2,39.58 5 0
github.com/aaronangxz/SeaDinner/Processors/prepare_order.go:44.2,44.27 1 0
github.com/aaronangxz/SeaDinner/Processors/prepare_order.go:51.2,52.21 2 0
github.com/aaronangxz/SeaDinner/Processors/prepare_order.go:22.19,24.16 1 0
github.com/aaronangxz/SeaDinner/Processors/prepare_order.go:27.3,27.18 1 0
github.com/aaronangxz/SeaDinner/Processors/prepare_order.go:31.3,31.22 1 0
github.com/aaronangxz/SeaDinner/Processors/prepare_order.go:24.16,25.12 1 0
github.com/aaronangxz/SeaDinner/Processors/prepare_order.go:27.18,29.12 2 0
github.com/aaronangxz/SeaDinner/Processors/prepare_order.go:39.58,42.3 2 0
github.com/aaronangxz/SeaDinner/Processors/prepare_order.go:44.27,45.34 1 0
github.com/aaronangxz/SeaDinner/Processors/prepare_order.go:45.34,48.4 2 0
github.com/aaronangxz/SeaDinner/Processors/prepare_order.go:55.53,60.111 2 1
github.com/aaronangxz/SeaDinner/Processors/prepare_order.go:65.2,65.19 1 1
github.com/aaronangxz/SeaDinner/Processors/prepare_order.go:69.2,69.37 1 0
github.com/aaronangxz/SeaDinner/Processors/prepare_order.go:60.111,63.3 2 0
github.com/aaronangxz/SeaDinner/Processors/prepare_order.go:65.19,67.3 1 1
github.com/aaronangxz/SeaDinner/Processors/util.go:22.35,23.15 1 3
github.com/aaronangxz/SeaDinner/Processors/util.go:28.2,29.24 2 2
github.com/aaronangxz/SeaDinner/Processors/util.go:33.2,33.62 1 1
github.com/aaronangxz/SeaDinner/Processors/util.go:23.15,26.3 2 1
github.com/aaronangxz/SeaDinner/Processors/util.go:29.24,32.3 2 1
github.com/aaronangxz/SeaDinner/Processors/util.go:37.41,39.13 2 6
github.com/aaronangxz/SeaDinner/Processors/util.go:53.2,53.11 1 1
github.com/aaronangxz/SeaDinner/Processors/util.go:40.43,41.44 1 1
github.com/aaronangxz/SeaDinner/Processors/util.go:42.40,43.16 1 3
github.com/aaronangxz/SeaDinner/Processors/util.go:46.3,46.47 1 1
github.com/aaronangxz/SeaDinner/Processors/util.go:47.41,48.16 1 1
github.com/aaronangxz/SeaDinner/Processors/util.go:51.3,51.48 1 1
github.com/aaronangxz/SeaDinner/Processors/util.go:43.16,45.4 1 2
github.com/aaronangxz/SeaDinner/Processors/util.go:48.16,50.4 1 0
github.com/aaronangxz/SeaDinner/Processors/util.go:57.63,61.30 2 1
github.com/aaronangxz/SeaDinner/Processors/util.go:67.2,72.42 6 1
github.com/aaronangxz/SeaDinner/Processors/util.go:61.30,62.57 1 2
github.com/aaronangxz/SeaDinner/Processors/util.go:62.57,64.4 1 1
github.com/aaronangxz/SeaDinner/Processors/util.go:76.33,77.13 1 10
github.com/aaronangxz/SeaDinner/Processors/util.go:82.2,82.15 1 9
github.com/aaronangxz/SeaDinner/Processors/util.go:86.2,86.25 1 8
github.com/aaronangxz/SeaDinner/Processors/util.go:91.2,91.25 1 6
github.com/aaronangxz/SeaDinner/Processors/util.go:96.2,96.14 1 1
github.com/aaronangxz/SeaDinner/Processors/util.go:77.13,79.3 1 1
github.com/aaronangxz/SeaDinner/Processors/util.go:82.15,84.3 1 1
github.com/aaronangxz/SeaDinner/Processors/util.go:86.25,87.29 1 35
github.com/aaronangxz/SeaDinner/Processors/util.go:87.29,89.4 1 2
github.com/aaronangxz/SeaDinner/Processors/util.go:91.25,92.30 1 13
github.com/aaronangxz/SeaDinner/Processors/util.go:92.30,94.4 1 5
github.com/aaronangxz/SeaDinner/Processors/util.go:100.84,108.16 4 4
github.com/aaronangxz/SeaDinner/Processors/util.go:114.2,115.16 2 4
github.com/aaronangxz/SeaDinner/Processors/util.go:120.2,121.58 2 4
github.com/aaronangxz/SeaDinner/Processors/util.go:127.2,128.38 2 4
github.com/aaronangxz/SeaDinner/Processors/util.go:108.16,109.21 1 0
github.com/aaronangxz/SeaDinner/Processors/util.go:115.16,116.21 1 0
github.com/aaronangxz/SeaDinner/Processors/util.go:121.58,122.21 1 0
github.com/aaronangxz/SeaDinner/Processors/util.go:132.84,139.16 4 3
github.com/aaronangxz/SeaDinner/Processors/util.go:144.2,145.16 2 3
github.com/aaronangxz/SeaDinner/Processors/util.go:150.2,157.16 4 3
github.com/aaronangxz/SeaDinner/Processors/util.go:160.2,160.26 1 3
github.com/aaronangxz/SeaDinner/Processors/util.go:139.16,140.21 1 0
github.com/aaronangxz/SeaDinner/Processors/util.go:145.16,146.21 1 0
github.com/aaronangxz/SeaDinner/Processors/util.go:157.16,158.21 1 0
github.com/aaronangxz/SeaDinner/Processors/util.go:164.23,166.44 2 2
github.com/aaronangxz/SeaDinner/Processors/util.go:169.2,169.34 1 2
github.com/aaronangxz/SeaDinner/Processors/util.go:166.44,167.21 1 0
github.com/aaronangxz/SeaDinner/Processors/util.go:173.45,176.22 3 4
github.com/aaronangxz/SeaDinner/Processors/util.go:187.2,187.21 1 4
github.com/aaronangxz/SeaDinner/Processors/util.go:192.2,195.26 3 3
github.com/aaronangxz/SeaDinner/Processors/util.go:200.2,201.15 2 3
github.com/aaronangxz/SeaDinner/Processors/util.go:176.22,180.38 1 35
github.com/aaronangxz/SeaDinner/Processors/util.go:184.3,184.19 1 18
github.com/aaronangxz/SeaDinner/Processors/util.go:180.38,182.12 2 17
github.com/aaronangxz/SeaDinner/Processors/util.go:187.21,190.3 2 1
github.com/aaronangxz/SeaDinner/Processors/util.go:195.26,198.3 2 0
