mode: atomic
github.com/aaronangxz/SeaDinner/Processors/structures.go:25.31,25.44 1 2
github.com/aaronangxz/SeaDinner/Processors/structures.go:26.31,26.44 1 0
github.com/aaronangxz/SeaDinner/Processors/structures.go:27.31,27.44 1 0
github.com/aaronangxz/SeaDinner/Processors/structures.go:54.44,55.33 1 0
github.com/aaronangxz/SeaDinner/Processors/structures.go:58.2,58.11 1 0
github.com/aaronangxz/SeaDinner/Processors/structures.go:55.33,57.3 1 0
github.com/aaronangxz/SeaDinner/Processors/structures.go:61.45,62.37 1 0
github.com/aaronangxz/SeaDinner/Processors/structures.go:65.2,65.10 1 0
github.com/aaronangxz/SeaDinner/Processors/structures.go:62.37,64.3 1 0
github.com/aaronangxz/SeaDinner/Processors/structures.go:68.43,69.35 1 0
github.com/aaronangxz/SeaDinner/Processors/structures.go:72.2,72.10 1 0
github.com/aaronangxz/SeaDinner/Processors/structures.go:69.35,71.3 1 0
github.com/aaronangxz/SeaDinner/Processors/structures.go:75.43,76.32 1 0
github.com/aaronangxz/SeaDinner/Processors/structures.go:79.2,79.11 1 0
github.com/aaronangxz/SeaDinner/Processors/structures.go:76.32,78.3 1 0
github.com/aaronangxz/SeaDinner/Processors/structures.go:104.31,105.29 1 0
github.com/aaronangxz/SeaDinner/Processors/structures.go:108.2,108.10 1 0
github.com/aaronangxz/SeaDinner/Processors/structures.go:105.29,107.3 1 0
github.com/aaronangxz/SeaDinner/Processors/structures.go:126.47,127.33 1 0
github.com/aaronangxz/SeaDinner/Processors/structures.go:130.2,130.10 1 0
github.com/aaronangxz/SeaDinner/Processors/structures.go:127.33,129.3 1 0
github.com/aaronangxz/SeaDinner/Processors/structures.go:133.49,134.34 1 0
github.com/aaronangxz/SeaDinner/Processors/structures.go:137.2,137.11 1 0
github.com/aaronangxz/SeaDinner/Processors/structures.go:134.34,136.3 1 0
github.com/aaronangxz/SeaDinner/Processors/structures.go:140.53,142.2 1 0
github.com/aaronangxz/SeaDinner/Processors/structures.go:144.52,145.37 1 0
github.com/aaronangxz/SeaDinner/Processors/structures.go:148.2,148.11 1 0
github.com/aaronangxz/SeaDinner/Processors/structures.go:145.37,147.3 1 0
github.com/aaronangxz/SeaDinner/Processors/structures.go:160.41,161.33 1 0
github.com/aaronangxz/SeaDinner/Processors/structures.go:164.2,164.10 1 0
github.com/aaronangxz/SeaDinner/Processors/structures.go:161.33,163.3 1 0
github.com/aaronangxz/SeaDinner/Processors/structures.go:167.42,168.33 1 0
github.com/aaronangxz/SeaDinner/Processors/structures.go:171.2,171.11 1 0
github.com/aaronangxz/SeaDinner/Processors/structures.go:168.33,170.3 1 0
github.com/aaronangxz/SeaDinner/Processors/structures.go:174.44,175.36 1 0
github.com/aaronangxz/SeaDinner/Processors/structures.go:178.2,178.10 1 0
github.com/aaronangxz/SeaDinner/Processors/structures.go:175.36,177.3 1 0
github.com/aaronangxz/SeaDinner/Processors/structures.go:181.41,182.33 1 0
github.com/aaronangxz/SeaDinner/Processors/structures.go:185.2,185.10 1 0
github.com/aaronangxz/SeaDinner/Processors/structures.go:182.33,184.3 1 0
github.com/aaronangxz/SeaDinner/Processors/structures.go:188.44,189.35 1 0
github.com/aaronangxz/SeaDinner/Processors/structures.go:192.2,192.11 1 0
github.com/aaronangxz/SeaDinner/Processors/structures.go:189.35,191.3 1 0
github.com/aaronangxz/SeaDinner/Processors/config.go:36.19,38.42 2 0
github.com/aaronangxz/SeaDinner/Processors/config.go:42.2,42.64 1 0
github.com/aaronangxz/SeaDinner/Processors/config.go:46.2,46.46 1 0
github.com/aaronangxz/SeaDinner/Processors/config.go:38.42,40.3 1 0
github.com/aaronangxz/SeaDinner/Processors/config.go:42.64,45.3 2 0
github.com/aaronangxz/SeaDinner/Processors/errors.go:17.30,22.2 1 0
github.com/aaronangxz/SeaDinner/Processors/errors.go:24.41,30.2 2 0
github.com/aaronangxz/SeaDinner/Processors/get_day_id.go:7.36,15.16 3 0
github.com/aaronangxz/SeaDinner/Processors/get_day_id.go:18.2,18.33 1 0
github.com/aaronangxz/SeaDinner/Processors/get_day_id.go:15.16,17.3 1 0
github.com/aaronangxz/SeaDinner/Processors/get_menu.go:10.69,22.16 6 0
github.com/aaronangxz/SeaDinner/Processors/get_menu.go:26.2,28.19 2 0
github.com/aaronangxz/SeaDinner/Processors/get_menu.go:22.16,24.3 1 0
github.com/aaronangxz/SeaDinner/Processors/get_menu.go:31.36,36.66 2 0
github.com/aaronangxz/SeaDinner/Processors/get_menu.go:40.2,40.15 1 0
github.com/aaronangxz/SeaDinner/Processors/get_menu.go:36.66,39.3 1 0
github.com/aaronangxz/SeaDinner/Processors/prepare_order.go:8.46,13.144 2 0
github.com/aaronangxz/SeaDinner/Processors/prepare_order.go:17.2,18.21 2 0
github.com/aaronangxz/SeaDinner/Processors/prepare_order.go:13.144,16.3 2 0
github.com/aaronangxz/SeaDinner/Processors/get_time.go:12.31,14.16 2 1
github.com/aaronangxz/SeaDinner/Processors/get_time.go:17.2,20.130 3 1
github.com/aaronangxz/SeaDinner/Processors/get_time.go:14.16,16.3 1 0
github.com/aaronangxz/SeaDinner/Processors/get_time.go:24.47,28.2 3 1
github.com/aaronangxz/SeaDinner/Processors/get_time.go:30.51,34.2 3 1
github.com/aaronangxz/SeaDinner/Processors/get_time.go:36.34,40.2 3 1
github.com/aaronangxz/SeaDinner/Processors/init.go:20.16,22.16 2 1
github.com/aaronangxz/SeaDinner/Processors/init.go:22.16,24.3 1 0
github.com/aaronangxz/SeaDinner/Processors/init.go:27.26,33.2 3 0
github.com/aaronangxz/SeaDinner/Processors/init.go:35.24,37.43 2 0
github.com/aaronangxz/SeaDinner/Processors/init.go:40.2,42.16 2 0
github.com/aaronangxz/SeaDinner/Processors/init.go:46.2,47.15 2 0
github.com/aaronangxz/SeaDinner/Processors/init.go:37.43,39.3 1 0
github.com/aaronangxz/SeaDinner/Processors/init.go:42.16,43.42 1 0
github.com/aaronangxz/SeaDinner/Processors/init.go:50.21,56.16 4 0
github.com/aaronangxz/SeaDinner/Processors/init.go:61.2,62.9 2 0
github.com/aaronangxz/SeaDinner/Processors/init.go:56.16,58.42 2 0
github.com/aaronangxz/SeaDinner/Processors/init.go:65.25,71.16 4 0
github.com/aaronangxz/SeaDinner/Processors/init.go:76.2,77.9 2 0
github.com/aaronangxz/SeaDinner/Processors/init.go:71.16,73.47 2 0
github.com/aaronangxz/SeaDinner/Processors/order.go:11.86,16.49 4 0
github.com/aaronangxz/SeaDinner/Processors/order.go:44.2,44.13 1 0
github.com/aaronangxz/SeaDinner/Processors/order.go:16.49,29.17 5 0
github.com/aaronangxz/SeaDinner/Processors/order.go:34.3,34.56 1 0
github.com/aaronangxz/SeaDinner/Processors/order.go:38.3,38.30 1 0
github.com/aaronangxz/SeaDinner/Processors/order.go:42.3,42.73 1 0
github.com/aaronangxz/SeaDinner/Processors/order.go:29.17,31.12 2 0
github.com/aaronangxz/SeaDinner/Processors/order.go:34.56,36.4 1 0
github.com/aaronangxz/SeaDinner/Processors/order.go:38.30,40.9 2 0
github.com/aaronangxz/SeaDinner/Processors/order.go:47.46,53.22 2 0
github.com/aaronangxz/SeaDinner/Processors/order.go:72.2,75.18 3 0
github.com/aaronangxz/SeaDinner/Processors/order.go:53.22,57.30 3 0
github.com/aaronangxz/SeaDinner/Processors/order.go:63.3,70.36 2 0
github.com/aaronangxz/SeaDinner/Processors/order.go:57.30,59.4 1 0
github.com/aaronangxz/SeaDinner/Processors/order.go:59.9,61.4 1 0
github.com/aaronangxz/SeaDinner/Processors/order.go:78.44,79.28 1 0
github.com/aaronangxz/SeaDinner/Processors/order.go:79.28,81.102 1 0
github.com/aaronangxz/SeaDinner/Processors/order.go:81.102,83.4 1 0
github.com/aaronangxz/SeaDinner/Processors/util.go:15.35,16.15 1 3
github.com/aaronangxz/SeaDinner/Processors/util.go:21.2,22.24 2 2
github.com/aaronangxz/SeaDinner/Processors/util.go:26.2,26.55 1 1
github.com/aaronangxz/SeaDinner/Processors/util.go:16.15,19.3 2 1
github.com/aaronangxz/SeaDinner/Processors/util.go:22.24,25.3 2 1
github.com/aaronangxz/SeaDinner/Processors/util.go:29.39,31.13 2 6
github.com/aaronangxz/SeaDinner/Processors/util.go:45.2,45.11 1 1
github.com/aaronangxz/SeaDinner/Processors/util.go:32.19,33.44 1 1
github.com/aaronangxz/SeaDinner/Processors/util.go:34.16,35.16 1 3
github.com/aaronangxz/SeaDinner/Processors/util.go:38.3,38.47 1 1
github.com/aaronangxz/SeaDinner/Processors/util.go:39.17,40.16 1 1
github.com/aaronangxz/SeaDinner/Processors/util.go:43.3,43.48 1 1
github.com/aaronangxz/SeaDinner/Processors/util.go:35.16,37.4 1 2
github.com/aaronangxz/SeaDinner/Processors/util.go:40.16,42.4 1 0
github.com/aaronangxz/SeaDinner/Processors/util.go:48.45,52.30 2 1
github.com/aaronangxz/SeaDinner/Processors/util.go:58.2,62.42 5 1
github.com/aaronangxz/SeaDinner/Processors/util.go:52.30,53.27 1 2
github.com/aaronangxz/SeaDinner/Processors/util.go:53.27,55.4 1 1
github.com/aaronangxz/SeaDinner/Processors/util.go:65.33,66.13 1 8
github.com/aaronangxz/SeaDinner/Processors/util.go:70.2,70.25 1 7
github.com/aaronangxz/SeaDinner/Processors/util.go:75.2,75.25 1 5
github.com/aaronangxz/SeaDinner/Processors/util.go:80.2,80.14 1 1
github.com/aaronangxz/SeaDinner/Processors/util.go:66.13,68.3 1 1
github.com/aaronangxz/SeaDinner/Processors/util.go:70.25,71.29 1 31
github.com/aaronangxz/SeaDinner/Processors/util.go:71.29,73.4 1 2
github.com/aaronangxz/SeaDinner/Processors/util.go:75.25,76.30 1 12
github.com/aaronangxz/SeaDinner/Processors/util.go:76.30,78.4 1 4
github.com/aaronangxz/SeaDinner/Processors/util.go:83.84,91.16 4 4
github.com/aaronangxz/SeaDinner/Processors/util.go:97.2,98.16 2 4
github.com/aaronangxz/SeaDinner/Processors/util.go:103.2,104.58 2 4
github.com/aaronangxz/SeaDinner/Processors/util.go:110.2,111.38 2 4
github.com/aaronangxz/SeaDinner/Processors/util.go:91.16,92.21 1 0
github.com/aaronangxz/SeaDinner/Processors/util.go:98.16,99.21 1 0
github.com/aaronangxz/SeaDinner/Processors/util.go:104.58,105.21 1 0
github.com/aaronangxz/SeaDinner/Processors/util.go:114.84,121.16 4 3
github.com/aaronangxz/SeaDinner/Processors/util.go:126.2,127.16 2 3
github.com/aaronangxz/SeaDinner/Processors/util.go:132.2,139.16 4 3
github.com/aaronangxz/SeaDinner/Processors/util.go:143.2,143.26 1 3
github.com/aaronangxz/SeaDinner/Processors/util.go:121.16,122.21 1 0
github.com/aaronangxz/SeaDinner/Processors/util.go:127.16,128.21 1 0
github.com/aaronangxz/SeaDinner/Processors/util.go:139.16,140.21 1 0
github.com/aaronangxz/SeaDinner/Processors/util.go:146.23,148.44 2 2
github.com/aaronangxz/SeaDinner/Processors/util.go:152.2,152.34 1 2
github.com/aaronangxz/SeaDinner/Processors/util.go:148.44,149.21 1 0
