mode: atomic
github.com/aaronangxz/SeaDinner/processors/get_day_id.go:17.47,26.29 2 0
github.com/aaronangxz/SeaDinner/processors/get_day_id.go:40.2,50.16 3 0
github.com/aaronangxz/SeaDinner/processors/get_day_id.go:54.2,56.134 2 0
github.com/aaronangxz/SeaDinner/processors/get_day_id.go:62.2,62.75 1 0
github.com/aaronangxz/SeaDinner/processors/get_day_id.go:67.2,67.18 1 0
github.com/aaronangxz/SeaDinner/processors/get_day_id.go:26.29,28.22 2 0
github.com/aaronangxz/SeaDinner/processors/get_day_id.go:28.22,29.29 1 0
github.com/aaronangxz/SeaDinner/processors/get_day_id.go:29.29,31.5 1 0
github.com/aaronangxz/SeaDinner/processors/get_day_id.go:31.10,33.5 1 0
github.com/aaronangxz/SeaDinner/processors/get_day_id.go:34.9,37.4 2 0
github.com/aaronangxz/SeaDinner/processors/get_day_id.go:50.16,52.3 1 0
github.com/aaronangxz/SeaDinner/processors/get_day_id.go:56.134,59.3 2 0
github.com/aaronangxz/SeaDinner/processors/get_day_id.go:62.75,64.3 1 0
github.com/aaronangxz/SeaDinner/processors/get_day_id.go:64.8,66.3 1 0
github.com/aaronangxz/SeaDinner/processors/get_time.go:24.43,26.2 1 6
github.com/aaronangxz/SeaDinner/processors/get_time.go:29.31,33.2 3 1
github.com/aaronangxz/SeaDinner/processors/get_time.go:36.42,40.2 3 1
github.com/aaronangxz/SeaDinner/processors/get_time.go:44.47,46.2 1 1
github.com/aaronangxz/SeaDinner/processors/get_time.go:49.55,51.2 1 1
github.com/aaronangxz/SeaDinner/processors/get_time.go:54.56,56.2 1 1
github.com/aaronangxz/SeaDinner/processors/get_time.go:59.51,61.2 1 1
github.com/aaronangxz/SeaDinner/processors/get_time.go:64.25,66.2 1 0
github.com/aaronangxz/SeaDinner/processors/get_time.go:69.23,72.2 2 0
github.com/aaronangxz/SeaDinner/processors/get_time.go:75.25,77.2 1 0
github.com/aaronangxz/SeaDinner/processors/get_time.go:80.33,84.2 3 0
github.com/aaronangxz/SeaDinner/processors/get_time.go:87.30,91.2 3 0
github.com/aaronangxz/SeaDinner/processors/get_time.go:94.25,102.25 4 0
github.com/aaronangxz/SeaDinner/processors/get_time.go:105.2,110.16 2 0
github.com/aaronangxz/SeaDinner/processors/get_time.go:114.2,114.37 1 0
github.com/aaronangxz/SeaDinner/processors/get_time.go:102.25,104.3 1 0
github.com/aaronangxz/SeaDinner/processors/get_time.go:110.16,112.3 1 0
github.com/aaronangxz/SeaDinner/processors/get_time.go:118.55,128.2 7 2
github.com/aaronangxz/SeaDinner/processors/get_time.go:131.32,133.2 1 0
github.com/aaronangxz/SeaDinner/processors/get_time.go:136.29,140.2 1 0
github.com/aaronangxz/SeaDinner/processors/get_time.go:143.25,145.2 1 0
github.com/aaronangxz/SeaDinner/processors/get_time.go:148.33,152.2 3 1
github.com/aaronangxz/SeaDinner/processors/get_time.go:155.25,159.2 3 0
github.com/aaronangxz/SeaDinner/processors/get_time.go:162.31,164.2 1 0
github.com/aaronangxz/SeaDinner/processors/get_time.go:167.33,169.2 1 0
github.com/aaronangxz/SeaDinner/processors/order.go:20.115,30.63 4 0
github.com/aaronangxz/SeaDinner/processors/order.go:41.2,44.57 3 0
github.com/aaronangxz/SeaDinner/processors/order.go:69.2,75.29 2 0
github.com/aaronangxz/SeaDinner/processors/order.go:88.2,89.23 2 0
github.com/aaronangxz/SeaDinner/processors/order.go:30.63,39.3 2 0
github.com/aaronangxz/SeaDinner/processors/order.go:44.57,53.17 3 0
github.com/aaronangxz/SeaDinner/processors/order.go:58.3,58.56 1 0
github.com/aaronangxz/SeaDinner/processors/order.go:62.3,62.30 1 0
github.com/aaronangxz/SeaDinner/processors/order.go:66.3,66.77 1 0
github.com/aaronangxz/SeaDinner/processors/order.go:53.17,55.12 2 0
github.com/aaronangxz/SeaDinner/processors/order.go:58.56,60.4 1 0
github.com/aaronangxz/SeaDinner/processors/order.go:62.30,64.9 2 0
github.com/aaronangxz/SeaDinner/processors/order.go:75.29,77.24 2 0
github.com/aaronangxz/SeaDinner/processors/order.go:77.24,79.4 1 0
github.com/aaronangxz/SeaDinner/processors/order.go:79.9,81.4 1 0
github.com/aaronangxz/SeaDinner/processors/order.go:82.8,87.3 4 0
github.com/aaronangxz/SeaDinner/processors/order.go:94.100,105.33 6 0
github.com/aaronangxz/SeaDinner/processors/order.go:122.2,126.56 4 0
github.com/aaronangxz/SeaDinner/processors/order.go:105.33,106.45 1 0
github.com/aaronangxz/SeaDinner/processors/order.go:111.3,112.44 2 0
github.com/aaronangxz/SeaDinner/processors/order.go:106.45,108.12 2 0
github.com/aaronangxz/SeaDinner/processors/order.go:112.44,118.4 4 0
github.com/aaronangxz/SeaDinner/processors/order.go:130.108,140.33 5 0
github.com/aaronangxz/SeaDinner/processors/order.go:163.2,166.64 4 0
github.com/aaronangxz/SeaDinner/processors/order.go:140.33,141.46 1 0
github.com/aaronangxz/SeaDinner/processors/order.go:146.3,147.44 2 0
github.com/aaronangxz/SeaDinner/processors/order.go:141.46,143.12 2 0
github.com/aaronangxz/SeaDinner/processors/order.go:147.44,151.8 3 0
github.com/aaronangxz/SeaDinner/processors/order.go:151.8,152.39 1 0
github.com/aaronangxz/SeaDinner/processors/order.go:152.39,156.11 4 0
github.com/aaronangxz/SeaDinner/processors/order.go:170.83,174.20 3 0
github.com/aaronangxz/SeaDinner/processors/order.go:178.2,178.81 1 0
github.com/aaronangxz/SeaDinner/processors/order.go:182.2,182.108 1 0
github.com/aaronangxz/SeaDinner/processors/order.go:174.20,177.3 2 0
github.com/aaronangxz/SeaDinner/processors/order.go:178.81,181.3 2 0
github.com/aaronangxz/SeaDinner/processors/order.go:186.74,190.19 3 0
github.com/aaronangxz/SeaDinner/processors/order.go:195.2,195.158 1 0
github.com/aaronangxz/SeaDinner/processors/order.go:199.2,199.97 1 0
github.com/aaronangxz/SeaDinner/processors/order.go:190.19,193.3 2 0
github.com/aaronangxz/SeaDinner/processors/order.go:195.158,198.3 2 0
github.com/aaronangxz/SeaDinner/processors/order.go:203.96,213.16 5 0
github.com/aaronangxz/SeaDinner/processors/order.go:216.2,228.41 11 0
github.com/aaronangxz/SeaDinner/processors/order.go:231.2,231.85 1 0
github.com/aaronangxz/SeaDinner/processors/order.go:213.16,215.3 1 0
github.com/aaronangxz/SeaDinner/processors/order.go:228.41,230.3 1 0
github.com/aaronangxz/SeaDinner/processors/order.go:235.57,244.35 6 0
github.com/aaronangxz/SeaDinner/processors/order.go:248.2,250.16 3 0
github.com/aaronangxz/SeaDinner/processors/order.go:244.35,246.3 1 0
github.com/aaronangxz/SeaDinner/processors/util.go:24.56,25.15 1 3
github.com/aaronangxz/SeaDinner/processors/util.go:30.2,31.24 2 2
github.com/aaronangxz/SeaDinner/processors/util.go:35.2,35.62 1 1
github.com/aaronangxz/SeaDinner/processors/util.go:25.15,28.3 2 1
github.com/aaronangxz/SeaDinner/processors/util.go:31.24,34.3 2 1
github.com/aaronangxz/SeaDinner/processors/util.go:39.41,41.13 2 6
github.com/aaronangxz/SeaDinner/processors/util.go:55.2,55.11 1 1
github.com/aaronangxz/SeaDinner/processors/util.go:42.43,43.44 1 1
github.com/aaronangxz/SeaDinner/processors/util.go:44.40,45.16 1 3
github.com/aaronangxz/SeaDinner/processors/util.go:48.3,48.47 1 1
github.com/aaronangxz/SeaDinner/processors/util.go:49.41,50.16 1 1
github.com/aaronangxz/SeaDinner/processors/util.go:53.3,53.48 1 1
github.com/aaronangxz/SeaDinner/processors/util.go:45.16,47.4 1 2
github.com/aaronangxz/SeaDinner/processors/util.go:50.16,52.4 1 0
github.com/aaronangxz/SeaDinner/processors/util.go:59.84,63.30 2 1
github.com/aaronangxz/SeaDinner/processors/util.go:69.2,73.26 1 1
github.com/aaronangxz/SeaDinner/processors/util.go:63.30,64.57 1 2
github.com/aaronangxz/SeaDinner/processors/util.go:64.57,66.4 1 1
github.com/aaronangxz/SeaDinner/processors/util.go:77.33,78.13 1 10
github.com/aaronangxz/SeaDinner/processors/util.go:83.2,83.15 1 9
github.com/aaronangxz/SeaDinner/processors/util.go:87.2,87.25 1 8
github.com/aaronangxz/SeaDinner/processors/util.go:92.2,92.25 1 6
github.com/aaronangxz/SeaDinner/processors/util.go:97.2,97.14 1 1
github.com/aaronangxz/SeaDinner/processors/util.go:78.13,80.3 1 1
github.com/aaronangxz/SeaDinner/processors/util.go:83.15,85.3 1 1
github.com/aaronangxz/SeaDinner/processors/util.go:87.25,88.29 1 35
github.com/aaronangxz/SeaDinner/processors/util.go:88.29,90.4 1 2
github.com/aaronangxz/SeaDinner/processors/util.go:92.25,93.30 1 13
github.com/aaronangxz/SeaDinner/processors/util.go:93.30,95.4 1 5
github.com/aaronangxz/SeaDinner/processors/util.go:101.84,109.16 4 4
github.com/aaronangxz/SeaDinner/processors/util.go:115.2,116.16 2 4
github.com/aaronangxz/SeaDinner/processors/util.go:121.2,122.58 2 4
github.com/aaronangxz/SeaDinner/processors/util.go:128.2,129.38 2 4
github.com/aaronangxz/SeaDinner/processors/util.go:109.16,110.21 1 0
github.com/aaronangxz/SeaDinner/processors/util.go:116.16,117.21 1 0
github.com/aaronangxz/SeaDinner/processors/util.go:122.58,123.21 1 0
github.com/aaronangxz/SeaDinner/processors/util.go:133.84,140.16 4 3
github.com/aaronangxz/SeaDinner/processors/util.go:145.2,146.16 2 3
github.com/aaronangxz/SeaDinner/processors/util.go:151.2,158.16 4 3
github.com/aaronangxz/SeaDinner/processors/util.go:161.2,161.26 1 3
github.com/aaronangxz/SeaDinner/processors/util.go:140.16,141.21 1 0
github.com/aaronangxz/SeaDinner/processors/util.go:146.16,147.21 1 0
github.com/aaronangxz/SeaDinner/processors/util.go:158.16,159.21 1 0
github.com/aaronangxz/SeaDinner/processors/util.go:165.23,167.44 2 2
github.com/aaronangxz/SeaDinner/processors/util.go:170.2,170.34 1 2
github.com/aaronangxz/SeaDinner/processors/util.go:167.44,168.21 1 0
github.com/aaronangxz/SeaDinner/processors/util.go:174.66,177.22 3 4
github.com/aaronangxz/SeaDinner/processors/util.go:188.2,188.21 1 4
github.com/aaronangxz/SeaDinner/processors/util.go:193.2,196.26 3 3
github.com/aaronangxz/SeaDinner/processors/util.go:200.2,201.15 2 3
github.com/aaronangxz/SeaDinner/processors/util.go:177.22,181.38 1 35
github.com/aaronangxz/SeaDinner/processors/util.go:185.3,185.19 1 18
github.com/aaronangxz/SeaDinner/processors/util.go:181.38,183.12 2 17
github.com/aaronangxz/SeaDinner/processors/util.go:188.21,191.3 2 1
github.com/aaronangxz/SeaDinner/processors/util.go:196.26,199.3 2 0
github.com/aaronangxz/SeaDinner/processors/util.go:205.81,208.58 2 5
github.com/aaronangxz/SeaDinner/processors/util.go:213.2,213.34 1 4
github.com/aaronangxz/SeaDinner/processors/util.go:232.2,232.13 1 2
github.com/aaronangxz/SeaDinner/processors/util.go:208.58,211.3 2 1
github.com/aaronangxz/SeaDinner/processors/util.go:214.21,218.44 3 3
github.com/aaronangxz/SeaDinner/processors/util.go:222.3,222.74 1 2
github.com/aaronangxz/SeaDinner/processors/util.go:228.10,230.15 2 1
github.com/aaronangxz/SeaDinner/processors/util.go:218.44,220.4 1 1
github.com/aaronangxz/SeaDinner/processors/util.go:222.74,223.83 1 4
github.com/aaronangxz/SeaDinner/processors/util.go:223.83,226.5 2 2
github.com/aaronangxz/SeaDinner/processors/adhoc.go:12.72,15.16 2 0
github.com/aaronangxz/SeaDinner/processors/adhoc.go:18.2,24.41 5 0
github.com/aaronangxz/SeaDinner/processors/adhoc.go:15.16,17.3 1 0
github.com/aaronangxz/SeaDinner/processors/adhoc.go:24.41,26.3 1 0
github.com/aaronangxz/SeaDinner/processors/get_menu.go:20.96,32.16 5 0
github.com/aaronangxz/SeaDinner/processors/get_menu.go:35.2,36.19 2 0
github.com/aaronangxz/SeaDinner/processors/get_menu.go:32.16,34.3 1 0
github.com/aaronangxz/SeaDinner/processors/get_menu.go:40.85,51.21 5 0
github.com/aaronangxz/SeaDinner/processors/get_menu.go:68.2,72.16 3 0
github.com/aaronangxz/SeaDinner/processors/get_menu.go:76.2,76.70 1 0
github.com/aaronangxz/SeaDinner/processors/get_menu.go:81.2,82.19 2 0
github.com/aaronangxz/SeaDinner/processors/get_menu.go:51.21,52.28 1 0
github.com/aaronangxz/SeaDinner/processors/get_menu.go:52.28,54.4 1 0
github.com/aaronangxz/SeaDinner/processors/get_menu.go:54.9,56.4 1 0
github.com/aaronangxz/SeaDinner/processors/get_menu.go:57.8,60.17 3 0
github.com/aaronangxz/SeaDinner/processors/get_menu.go:60.17,62.4 1 0
github.com/aaronangxz/SeaDinner/processors/get_menu.go:62.9,65.4 2 0
github.com/aaronangxz/SeaDinner/processors/get_menu.go:72.16,74.3 1 0
github.com/aaronangxz/SeaDinner/processors/get_menu.go:76.70,78.3 1 0
github.com/aaronangxz/SeaDinner/processors/get_menu.go:78.8,80.3 1 0
github.com/aaronangxz/SeaDinner/processors/get_menu.go:86.104,96.18 4 0
github.com/aaronangxz/SeaDinner/processors/get_menu.go:101.2,103.21 2 0
github.com/aaronangxz/SeaDinner/processors/get_menu.go:108.2,109.54 2 0
github.com/aaronangxz/SeaDinner/processors/get_menu.go:117.2,117.32 1 0
github.com/aaronangxz/SeaDinner/processors/get_menu.go:128.2,128.22 1 0
github.com/aaronangxz/SeaDinner/processors/get_menu.go:137.2,138.19 2 0
github.com/aaronangxz/SeaDinner/processors/get_menu.go:96.18,99.3 2 0
github.com/aaronangxz/SeaDinner/processors/get_menu.go:103.21,106.3 2 0
github.com/aaronangxz/SeaDinner/processors/get_menu.go:109.54,110.34 1 0
github.com/aaronangxz/SeaDinner/processors/get_menu.go:110.34,112.4 1 0
github.com/aaronangxz/SeaDinner/processors/get_menu.go:112.9,114.4 1 0
github.com/aaronangxz/SeaDinner/processors/get_menu.go:117.32,120.23 2 0
github.com/aaronangxz/SeaDinner/processors/get_menu.go:120.23,124.4 3 0
github.com/aaronangxz/SeaDinner/processors/get_menu.go:128.22,136.3 7 0
github.com/aaronangxz/SeaDinner/processors/get_menu.go:142.41,145.21 2 0
github.com/aaronangxz/SeaDinner/processors/get_menu.go:145.21,146.10 1 0
github.com/aaronangxz/SeaDinner/processors/get_menu.go:146.10,147.22 1 0
github.com/aaronangxz/SeaDinner/processors/get_menu.go:152.4,158.73 5 0
github.com/aaronangxz/SeaDinner/processors/get_menu.go:175.4,175.73 1 0
github.com/aaronangxz/SeaDinner/processors/get_menu.go:147.22,151.5 3 0
github.com/aaronangxz/SeaDinner/processors/get_menu.go:158.73,164.19 5 0
github.com/aaronangxz/SeaDinner/processors/get_menu.go:169.5,169.73 1 0
github.com/aaronangxz/SeaDinner/processors/get_menu.go:164.19,166.6 1 0
github.com/aaronangxz/SeaDinner/processors/get_menu.go:169.73,171.6 1 0
github.com/aaronangxz/SeaDinner/processors/get_menu.go:171.11,173.6 1 0
github.com/aaronangxz/SeaDinner/processors/get_order.go:12.63,22.16 3 0
github.com/aaronangxz/SeaDinner/processors/get_order.go:26.2,26.36 1 0
github.com/aaronangxz/SeaDinner/processors/get_order.go:30.2,30.26 1 0
github.com/aaronangxz/SeaDinner/processors/get_order.go:22.16,24.3 1 0
github.com/aaronangxz/SeaDinner/processors/get_order.go:26.36,29.3 2 0
github.com/aaronangxz/SeaDinner/processors/init.go:45.16,47.16 2 2
github.com/aaronangxz/SeaDinner/processors/init.go:47.16,49.3 1 0
github.com/aaronangxz/SeaDinner/processors/init.go:53.32,56.2 2 0
github.com/aaronangxz/SeaDinner/processors/init.go:59.13,65.63 5 0
github.com/aaronangxz/SeaDinner/processors/init.go:72.2,72.13 1 0
github.com/aaronangxz/SeaDinner/processors/init.go:65.63,68.3 2 0
github.com/aaronangxz/SeaDinner/processors/init.go:68.8,71.3 2 0
github.com/aaronangxz/SeaDinner/processors/init.go:76.18,82.63 2 0
github.com/aaronangxz/SeaDinner/processors/init.go:87.2,92.16 2 0
github.com/aaronangxz/SeaDinner/processors/init.go:95.2,96.11 2 0
github.com/aaronangxz/SeaDinner/processors/init.go:82.63,85.3 2 0
github.com/aaronangxz/SeaDinner/processors/init.go:92.16,94.3 1 0
github.com/aaronangxz/SeaDinner/processors/init.go:100.21,108.16 4 0
github.com/aaronangxz/SeaDinner/processors/init.go:112.2,113.9 2 0
github.com/aaronangxz/SeaDinner/processors/init.go:108.16,110.47 2 0
github.com/aaronangxz/SeaDinner/processors/init.go:117.25,125.16 4 1
github.com/aaronangxz/SeaDinner/processors/init.go:129.2,130.9 2 1
github.com/aaronangxz/SeaDinner/processors/init.go:125.16,127.47 2 0
github.com/aaronangxz/SeaDinner/processors/init.go:134.21,144.41 4 0
github.com/aaronangxz/SeaDinner/processors/init.go:147.2,148.19 2 0
github.com/aaronangxz/SeaDinner/processors/init.go:144.41,146.3 1 0
github.com/aaronangxz/SeaDinner/processors/init.go:152.25,162.41 4 0
github.com/aaronangxz/SeaDinner/processors/init.go:165.2,166.19 2 0
github.com/aaronangxz/SeaDinner/processors/init.go:162.41,164.3 1 0
github.com/aaronangxz/SeaDinner/processors/prepare_order.go:16.77,23.19 4 0
github.com/aaronangxz/SeaDinner/processors/prepare_order.go:34.2,40.58 5 0
github.com/aaronangxz/SeaDinner/processors/prepare_order.go:45.2,45.27 1 0
github.com/aaronangxz/SeaDinner/processors/prepare_order.go:51.2,52.21 2 0
github.com/aaronangxz/SeaDinner/processors/prepare_order.go:23.19,25.16 1 0
github.com/aaronangxz/SeaDinner/processors/prepare_order.go:28.3,28.18 1 0
github.com/aaronangxz/SeaDinner/processors/prepare_order.go:32.3,32.22 1 0
github.com/aaronangxz/SeaDinner/processors/prepare_order.go:25.16,26.12 1 0
github.com/aaronangxz/SeaDinner/processors/prepare_order.go:28.18,30.12 2 0
github.com/aaronangxz/SeaDinner/processors/prepare_order.go:40.58,43.3 2 0
github.com/aaronangxz/SeaDinner/processors/prepare_order.go:45.27,46.34 1 0
github.com/aaronangxz/SeaDinner/processors/prepare_order.go:46.34,49.4 2 0
github.com/aaronangxz/SeaDinner/processors/prepare_order.go:56.73,61.110 2 1
github.com/aaronangxz/SeaDinner/processors/prepare_order.go:66.2,66.19 1 1
github.com/aaronangxz/SeaDinner/processors/prepare_order.go:69.2,70.37 2 0
github.com/aaronangxz/SeaDinner/processors/prepare_order.go:61.110,64.3 2 0
github.com/aaronangxz/SeaDinner/processors/prepare_order.go:66.19,68.3 1 1
