mode: atomic
github.com/aaronangxz/SeaDinner/processors/batch_order_dinner_multi_threaded.go:13.100,24.33 6 0
github.com/aaronangxz/SeaDinner/processors/batch_order_dinner_multi_threaded.go:41.2,45.56 4 0
github.com/aaronangxz/SeaDinner/processors/batch_order_dinner_multi_threaded.go:24.33,25.45 1 0
github.com/aaronangxz/SeaDinner/processors/batch_order_dinner_multi_threaded.go:30.3,31.44 2 0
github.com/aaronangxz/SeaDinner/processors/batch_order_dinner_multi_threaded.go:25.45,27.12 2 0
github.com/aaronangxz/SeaDinner/processors/batch_order_dinner_multi_threaded.go:31.44,37.4 4 0
github.com/aaronangxz/SeaDinner/processors/get_order_by_user_id.go:10.73,15.120 2 1
github.com/aaronangxz/SeaDinner/processors/get_order_by_user_id.go:20.2,20.19 1 1
github.com/aaronangxz/SeaDinner/processors/get_order_by_user_id.go:23.2,24.37 2 0
github.com/aaronangxz/SeaDinner/processors/get_order_by_user_id.go:15.120,18.3 2 0
github.com/aaronangxz/SeaDinner/processors/get_order_by_user_id.go:20.19,22.3 1 1
github.com/aaronangxz/SeaDinner/processors/get_successful_order.go:12.63,22.16 3 0
github.com/aaronangxz/SeaDinner/processors/get_successful_order.go:26.2,26.36 1 0
github.com/aaronangxz/SeaDinner/processors/get_successful_order.go:30.2,30.26 1 0
github.com/aaronangxz/SeaDinner/processors/get_successful_order.go:22.16,24.3 1 0
github.com/aaronangxz/SeaDinner/processors/get_successful_order.go:26.36,29.3 2 0
github.com/aaronangxz/SeaDinner/processors/output_menu_with_button.go:13.104,23.18 4 0
github.com/aaronangxz/SeaDinner/processors/output_menu_with_button.go:28.2,30.21 2 0
github.com/aaronangxz/SeaDinner/processors/output_menu_with_button.go:35.2,36.54 2 0
github.com/aaronangxz/SeaDinner/processors/output_menu_with_button.go:44.2,44.32 1 0
github.com/aaronangxz/SeaDinner/processors/output_menu_with_button.go:55.2,55.22 1 0
github.com/aaronangxz/SeaDinner/processors/output_menu_with_button.go:64.2,65.19 2 0
github.com/aaronangxz/SeaDinner/processors/output_menu_with_button.go:23.18,26.3 2 0
github.com/aaronangxz/SeaDinner/processors/output_menu_with_button.go:30.21,33.3 2 0
github.com/aaronangxz/SeaDinner/processors/output_menu_with_button.go:36.54,37.34 1 0
github.com/aaronangxz/SeaDinner/processors/output_menu_with_button.go:37.34,39.4 1 0
github.com/aaronangxz/SeaDinner/processors/output_menu_with_button.go:39.9,41.4 1 0
github.com/aaronangxz/SeaDinner/processors/output_menu_with_button.go:44.32,47.23 2 0
github.com/aaronangxz/SeaDinner/processors/output_menu_with_button.go:47.23,51.4 3 0
github.com/aaronangxz/SeaDinner/processors/output_menu_with_button.go:55.22,63.3 7 0
github.com/aaronangxz/SeaDinner/processors/send_instant_notification.go:13.96,23.16 5 0
github.com/aaronangxz/SeaDinner/processors/send_instant_notification.go:26.2,38.41 11 0
github.com/aaronangxz/SeaDinner/processors/send_instant_notification.go:41.2,41.85 1 0
github.com/aaronangxz/SeaDinner/processors/send_instant_notification.go:23.16,25.3 1 0
github.com/aaronangxz/SeaDinner/processors/send_instant_notification.go:38.41,40.3 1 0
github.com/aaronangxz/SeaDinner/processors/adhoc.go:12.72,15.16 2 0
github.com/aaronangxz/SeaDinner/processors/adhoc.go:18.2,24.41 5 0
github.com/aaronangxz/SeaDinner/processors/adhoc.go:15.16,17.3 1 0
github.com/aaronangxz/SeaDinner/processors/adhoc.go:24.41,26.3 1 0
github.com/aaronangxz/SeaDinner/processors/get_day_id.go:17.47,27.29 2 0
github.com/aaronangxz/SeaDinner/processors/get_day_id.go:41.2,51.16 3 0
github.com/aaronangxz/SeaDinner/processors/get_day_id.go:55.2,57.134 2 0
github.com/aaronangxz/SeaDinner/processors/get_day_id.go:65.2,65.79 1 0
github.com/aaronangxz/SeaDinner/processors/get_day_id.go:70.2,70.18 1 0
github.com/aaronangxz/SeaDinner/processors/get_day_id.go:27.29,29.22 2 0
github.com/aaronangxz/SeaDinner/processors/get_day_id.go:29.22,30.29 1 0
github.com/aaronangxz/SeaDinner/processors/get_day_id.go:30.29,32.5 1 0
github.com/aaronangxz/SeaDinner/processors/get_day_id.go:32.10,34.5 1 0
github.com/aaronangxz/SeaDinner/processors/get_day_id.go:35.9,38.4 2 0
github.com/aaronangxz/SeaDinner/processors/get_day_id.go:51.16,53.3 1 0
github.com/aaronangxz/SeaDinner/processors/get_day_id.go:57.134,61.3 3 0
github.com/aaronangxz/SeaDinner/processors/get_day_id.go:65.79,67.3 1 0
github.com/aaronangxz/SeaDinner/processors/get_day_id.go:67.8,69.3 1 0
github.com/aaronangxz/SeaDinner/processors/get_menu.go:11.75,22.16 5 0
github.com/aaronangxz/SeaDinner/processors/get_menu.go:25.2,26.19 2 0
github.com/aaronangxz/SeaDinner/processors/get_menu.go:22.16,24.3 1 0
github.com/aaronangxz/SeaDinner/processors/get_menu_using_cache.go:15.85,25.21 5 0
github.com/aaronangxz/SeaDinner/processors/get_menu_using_cache.go:42.2,46.16 3 0
github.com/aaronangxz/SeaDinner/processors/get_menu_using_cache.go:50.2,50.69 1 0
github.com/aaronangxz/SeaDinner/processors/get_menu_using_cache.go:55.2,56.19 2 0
github.com/aaronangxz/SeaDinner/processors/get_menu_using_cache.go:25.21,26.28 1 0
github.com/aaronangxz/SeaDinner/processors/get_menu_using_cache.go:26.28,28.4 1 0
github.com/aaronangxz/SeaDinner/processors/get_menu_using_cache.go:28.9,30.4 1 0
github.com/aaronangxz/SeaDinner/processors/get_menu_using_cache.go:31.8,34.17 3 0
github.com/aaronangxz/SeaDinner/processors/get_menu_using_cache.go:34.17,36.4 1 0
github.com/aaronangxz/SeaDinner/processors/get_menu_using_cache.go:36.9,39.4 2 0
github.com/aaronangxz/SeaDinner/processors/get_menu_using_cache.go:46.16,48.3 1 0
github.com/aaronangxz/SeaDinner/processors/get_menu_using_cache.go:50.69,52.3 1 0
github.com/aaronangxz/SeaDinner/processors/get_menu_using_cache.go:52.8,54.3 1 0
github.com/aaronangxz/SeaDinner/processors/get_time.go:25.43,27.2 1 8
github.com/aaronangxz/SeaDinner/processors/get_time.go:30.31,34.2 3 1
github.com/aaronangxz/SeaDinner/processors/get_time.go:37.42,41.2 3 1
github.com/aaronangxz/SeaDinner/processors/get_time.go:45.47,47.2 1 1
github.com/aaronangxz/SeaDinner/processors/get_time.go:50.55,52.2 1 1
github.com/aaronangxz/SeaDinner/processors/get_time.go:55.56,57.2 1 1
github.com/aaronangxz/SeaDinner/processors/get_time.go:60.65,63.2 2 0
github.com/aaronangxz/SeaDinner/processors/get_time.go:66.51,68.2 1 1
github.com/aaronangxz/SeaDinner/processors/get_time.go:71.25,73.2 1 0
github.com/aaronangxz/SeaDinner/processors/get_time.go:76.23,79.2 2 0
github.com/aaronangxz/SeaDinner/processors/get_time.go:82.25,84.2 1 0
github.com/aaronangxz/SeaDinner/processors/get_time.go:87.33,91.2 3 0
github.com/aaronangxz/SeaDinner/processors/get_time.go:94.30,98.2 3 0
github.com/aaronangxz/SeaDinner/processors/get_time.go:101.25,109.25 4 0
github.com/aaronangxz/SeaDinner/processors/get_time.go:112.2,117.16 2 0
github.com/aaronangxz/SeaDinner/processors/get_time.go:121.2,121.37 1 0
github.com/aaronangxz/SeaDinner/processors/get_time.go:109.25,111.3 1 0
github.com/aaronangxz/SeaDinner/processors/get_time.go:117.16,119.3 1 0
github.com/aaronangxz/SeaDinner/processors/get_time.go:125.55,135.2 7 2
github.com/aaronangxz/SeaDinner/processors/get_time.go:138.56,144.2 5 1
github.com/aaronangxz/SeaDinner/processors/get_time.go:147.55,151.2 3 1
github.com/aaronangxz/SeaDinner/processors/get_time.go:154.32,157.2 2 0
github.com/aaronangxz/SeaDinner/processors/get_time.go:160.29,164.2 1 0
github.com/aaronangxz/SeaDinner/processors/get_time.go:167.25,169.2 1 0
github.com/aaronangxz/SeaDinner/processors/get_time.go:172.33,176.2 3 1
github.com/aaronangxz/SeaDinner/processors/get_time.go:179.25,183.2 3 0
github.com/aaronangxz/SeaDinner/processors/get_time.go:186.31,188.2 1 0
github.com/aaronangxz/SeaDinner/processors/get_time.go:191.33,193.2 1 0
github.com/aaronangxz/SeaDinner/processors/init.go:45.16,47.16 2 2
github.com/aaronangxz/SeaDinner/processors/init.go:47.16,49.3 1 0
github.com/aaronangxz/SeaDinner/processors/init.go:53.32,56.2 2 0
github.com/aaronangxz/SeaDinner/processors/init.go:59.13,65.63 5 0
github.com/aaronangxz/SeaDinner/processors/init.go:72.2,72.13 1 0
github.com/aaronangxz/SeaDinner/processors/init.go:65.63,68.3 2 0
github.com/aaronangxz/SeaDinner/processors/init.go:68.8,71.3 2 0
github.com/aaronangxz/SeaDinner/processors/init.go:76.18,82.63 2 0
github.com/aaronangxz/SeaDinner/processors/init.go:87.2,92.16 2 0
github.com/aaronangxz/SeaDinner/processors/init.go:95.2,96.11 2 0
github.com/aaronangxz/SeaDinner/processors/init.go:82.63,85.3 2 0
github.com/aaronangxz/SeaDinner/processors/init.go:92.16,94.3 1 0
github.com/aaronangxz/SeaDinner/processors/init.go:100.21,108.16 4 0
github.com/aaronangxz/SeaDinner/processors/init.go:112.2,113.13 2 0
github.com/aaronangxz/SeaDinner/processors/init.go:108.16,110.47 2 0
github.com/aaronangxz/SeaDinner/processors/init.go:117.25,125.16 4 1
github.com/aaronangxz/SeaDinner/processors/init.go:129.2,130.13 2 1
github.com/aaronangxz/SeaDinner/processors/init.go:125.16,127.47 2 0
github.com/aaronangxz/SeaDinner/processors/init.go:133.28,134.15 1 1
github.com/aaronangxz/SeaDinner/processors/init.go:141.2,141.11 1 1
github.com/aaronangxz/SeaDinner/processors/init.go:134.15,135.64 1 0
github.com/aaronangxz/SeaDinner/processors/init.go:135.64,137.4 1 0
github.com/aaronangxz/SeaDinner/processors/init.go:137.9,139.4 1 0
github.com/aaronangxz/SeaDinner/processors/init.go:144.43,146.2 1 0
github.com/aaronangxz/SeaDinner/processors/init.go:149.21,159.41 4 0
github.com/aaronangxz/SeaDinner/processors/init.go:162.2,163.13 2 0
github.com/aaronangxz/SeaDinner/processors/init.go:159.41,161.3 1 0
github.com/aaronangxz/SeaDinner/processors/init.go:167.25,177.41 4 0
github.com/aaronangxz/SeaDinner/processors/init.go:180.2,181.13 2 0
github.com/aaronangxz/SeaDinner/processors/init.go:177.41,179.3 1 0
github.com/aaronangxz/SeaDinner/processors/init.go:184.36,185.18 1 0
github.com/aaronangxz/SeaDinner/processors/init.go:192.2,192.14 1 0
github.com/aaronangxz/SeaDinner/processors/init.go:185.18,186.64 1 0
github.com/aaronangxz/SeaDinner/processors/init.go:186.64,188.4 1 0
github.com/aaronangxz/SeaDinner/processors/init.go:188.9,190.4 1 0
github.com/aaronangxz/SeaDinner/processors/init.go:195.51,197.2 1 0
github.com/aaronangxz/SeaDinner/processors/prepare_order.go:16.77,23.19 4 0
github.com/aaronangxz/SeaDinner/processors/prepare_order.go:34.2,40.68 5 0
github.com/aaronangxz/SeaDinner/processors/prepare_order.go:45.2,45.27 1 0
github.com/aaronangxz/SeaDinner/processors/prepare_order.go:51.2,52.21 2 0
github.com/aaronangxz/SeaDinner/processors/prepare_order.go:23.19,25.16 1 0
github.com/aaronangxz/SeaDinner/processors/prepare_order.go:28.3,28.18 1 0
github.com/aaronangxz/SeaDinner/processors/prepare_order.go:32.3,32.22 1 0
github.com/aaronangxz/SeaDinner/processors/prepare_order.go:25.16,26.12 1 0
github.com/aaronangxz/SeaDinner/processors/prepare_order.go:28.18,30.12 2 0
github.com/aaronangxz/SeaDinner/processors/prepare_order.go:40.68,43.3 2 0
github.com/aaronangxz/SeaDinner/processors/prepare_order.go:45.27,46.34 1 0
github.com/aaronangxz/SeaDinner/processors/prepare_order.go:46.34,49.4 2 0
github.com/aaronangxz/SeaDinner/processors/store_food_mapping.go:14.45,25.21 7 0
github.com/aaronangxz/SeaDinner/processors/store_food_mapping.go:39.2,40.27 2 0
github.com/aaronangxz/SeaDinner/processors/store_food_mapping.go:45.2,48.139 2 0
github.com/aaronangxz/SeaDinner/processors/store_food_mapping.go:53.2,53.68 1 0
github.com/aaronangxz/SeaDinner/processors/store_food_mapping.go:58.2,58.73 1 0
github.com/aaronangxz/SeaDinner/processors/store_food_mapping.go:25.21,26.28 1 0
github.com/aaronangxz/SeaDinner/processors/store_food_mapping.go:26.28,28.4 1 0
github.com/aaronangxz/SeaDinner/processors/store_food_mapping.go:28.9,31.4 2 0
github.com/aaronangxz/SeaDinner/processors/store_food_mapping.go:32.8,33.17 1 0
github.com/aaronangxz/SeaDinner/processors/store_food_mapping.go:33.17,36.4 2 0
github.com/aaronangxz/SeaDinner/processors/store_food_mapping.go:40.27,43.3 2 0
github.com/aaronangxz/SeaDinner/processors/store_food_mapping.go:48.139,51.3 2 0
github.com/aaronangxz/SeaDinner/processors/store_food_mapping.go:53.68,55.3 1 0
github.com/aaronangxz/SeaDinner/processors/store_food_mapping.go:55.8,57.3 1 0
github.com/aaronangxz/SeaDinner/processors/update_order_log.go:9.72,13.116 3 0
github.com/aaronangxz/SeaDinner/processors/update_order_log.go:17.2,18.12 2 0
github.com/aaronangxz/SeaDinner/processors/update_order_log.go:13.116,16.3 2 0
github.com/aaronangxz/SeaDinner/processors/util.go:25.56,26.15 1 3
github.com/aaronangxz/SeaDinner/processors/util.go:31.2,32.24 2 2
github.com/aaronangxz/SeaDinner/processors/util.go:36.2,36.62 1 1
github.com/aaronangxz/SeaDinner/processors/util.go:26.15,29.3 2 1
github.com/aaronangxz/SeaDinner/processors/util.go:32.24,35.3 2 1
github.com/aaronangxz/SeaDinner/processors/util.go:40.41,42.13 2 6
github.com/aaronangxz/SeaDinner/processors/util.go:56.2,56.11 1 1
github.com/aaronangxz/SeaDinner/processors/util.go:43.43,44.44 1 1
github.com/aaronangxz/SeaDinner/processors/util.go:45.40,46.16 1 3
github.com/aaronangxz/SeaDinner/processors/util.go:49.3,49.47 1 1
github.com/aaronangxz/SeaDinner/processors/util.go:50.41,51.16 1 1
github.com/aaronangxz/SeaDinner/processors/util.go:54.3,54.48 1 1
github.com/aaronangxz/SeaDinner/processors/util.go:46.16,48.4 1 2
github.com/aaronangxz/SeaDinner/processors/util.go:51.16,53.4 1 0
github.com/aaronangxz/SeaDinner/processors/util.go:60.84,64.30 2 1
github.com/aaronangxz/SeaDinner/processors/util.go:70.2,74.26 1 1
github.com/aaronangxz/SeaDinner/processors/util.go:64.30,65.57 1 2
github.com/aaronangxz/SeaDinner/processors/util.go:65.57,67.4 1 1
github.com/aaronangxz/SeaDinner/processors/util.go:78.33,79.13 1 10
github.com/aaronangxz/SeaDinner/processors/util.go:84.2,84.15 1 9
github.com/aaronangxz/SeaDinner/processors/util.go:88.2,88.25 1 8
github.com/aaronangxz/SeaDinner/processors/util.go:93.2,93.25 1 6
github.com/aaronangxz/SeaDinner/processors/util.go:98.2,98.14 1 1
github.com/aaronangxz/SeaDinner/processors/util.go:79.13,81.3 1 1
github.com/aaronangxz/SeaDinner/processors/util.go:84.15,86.3 1 1
github.com/aaronangxz/SeaDinner/processors/util.go:88.25,89.29 1 35
github.com/aaronangxz/SeaDinner/processors/util.go:89.29,91.4 1 2
github.com/aaronangxz/SeaDinner/processors/util.go:93.25,94.30 1 13
github.com/aaronangxz/SeaDinner/processors/util.go:94.30,96.4 1 5
github.com/aaronangxz/SeaDinner/processors/util.go:102.84,110.16 4 4
github.com/aaronangxz/SeaDinner/processors/util.go:116.2,117.16 2 4
github.com/aaronangxz/SeaDinner/processors/util.go:122.2,123.58 2 4
github.com/aaronangxz/SeaDinner/processors/util.go:129.2,130.38 2 4
github.com/aaronangxz/SeaDinner/processors/util.go:110.16,111.21 1 0
github.com/aaronangxz/SeaDinner/processors/util.go:117.16,118.21 1 0
github.com/aaronangxz/SeaDinner/processors/util.go:123.58,124.21 1 0
github.com/aaronangxz/SeaDinner/processors/util.go:134.84,141.16 4 3
github.com/aaronangxz/SeaDinner/processors/util.go:146.2,147.16 2 3
github.com/aaronangxz/SeaDinner/processors/util.go:152.2,159.16 4 3
github.com/aaronangxz/SeaDinner/processors/util.go:162.2,162.26 1 3
github.com/aaronangxz/SeaDinner/processors/util.go:141.16,142.21 1 0
github.com/aaronangxz/SeaDinner/processors/util.go:147.16,148.21 1 0
github.com/aaronangxz/SeaDinner/processors/util.go:159.16,160.21 1 0
github.com/aaronangxz/SeaDinner/processors/util.go:166.23,168.44 2 2
github.com/aaronangxz/SeaDinner/processors/util.go:171.2,171.34 1 2
github.com/aaronangxz/SeaDinner/processors/util.go:168.44,169.21 1 0
github.com/aaronangxz/SeaDinner/processors/util.go:175.66,178.22 3 4
github.com/aaronangxz/SeaDinner/processors/util.go:189.2,189.21 1 4
github.com/aaronangxz/SeaDinner/processors/util.go:194.2,197.26 3 3
github.com/aaronangxz/SeaDinner/processors/util.go:201.2,202.15 2 3
github.com/aaronangxz/SeaDinner/processors/util.go:178.22,182.38 1 35
github.com/aaronangxz/SeaDinner/processors/util.go:186.3,186.19 1 18
github.com/aaronangxz/SeaDinner/processors/util.go:182.38,184.12 2 17
github.com/aaronangxz/SeaDinner/processors/util.go:189.21,192.3 2 1
github.com/aaronangxz/SeaDinner/processors/util.go:197.26,200.3 2 0
github.com/aaronangxz/SeaDinner/processors/util.go:206.81,209.58 2 5
github.com/aaronangxz/SeaDinner/processors/util.go:214.2,214.34 1 4
github.com/aaronangxz/SeaDinner/processors/util.go:233.2,233.13 1 2
github.com/aaronangxz/SeaDinner/processors/util.go:209.58,212.3 2 1
github.com/aaronangxz/SeaDinner/processors/util.go:215.21,219.44 3 3
github.com/aaronangxz/SeaDinner/processors/util.go:223.3,223.74 1 2
github.com/aaronangxz/SeaDinner/processors/util.go:229.10,231.15 2 1
github.com/aaronangxz/SeaDinner/processors/util.go:219.44,221.4 1 1
github.com/aaronangxz/SeaDinner/processors/util.go:223.74,224.83 1 4
github.com/aaronangxz/SeaDinner/processors/util.go:224.83,227.5 2 2
github.com/aaronangxz/SeaDinner/processors/util.go:236.103,241.25 2 0
github.com/aaronangxz/SeaDinner/processors/util.go:249.2,250.17 2 0
github.com/aaronangxz/SeaDinner/processors/util.go:241.25,248.3 1 0
github.com/aaronangxz/SeaDinner/processors/util.go:253.103,255.2 1 0
github.com/aaronangxz/SeaDinner/processors/util.go:257.127,261.16 4 0
github.com/aaronangxz/SeaDinner/processors/util.go:265.2,270.3 2 0
github.com/aaronangxz/SeaDinner/processors/util.go:261.16,264.3 2 0
github.com/aaronangxz/SeaDinner/processors/util.go:274.57,283.35 6 0
github.com/aaronangxz/SeaDinner/processors/util.go:287.2,289.16 3 0
github.com/aaronangxz/SeaDinner/processors/util.go:283.35,285.3 1 0
github.com/aaronangxz/SeaDinner/processors/menu_refresher.go:14.41,17.21 2 0
github.com/aaronangxz/SeaDinner/processors/menu_refresher.go:17.21,18.10 1 0
github.com/aaronangxz/SeaDinner/processors/menu_refresher.go:18.10,19.22 1 0
github.com/aaronangxz/SeaDinner/processors/menu_refresher.go:29.4,35.73 5 0
github.com/aaronangxz/SeaDinner/processors/menu_refresher.go:51.4,51.73 1 0
github.com/aaronangxz/SeaDinner/processors/menu_refresher.go:19.22,20.20 1 0
github.com/aaronangxz/SeaDinner/processors/menu_refresher.go:27.5,27.11 1 0
github.com/aaronangxz/SeaDinner/processors/menu_refresher.go:20.20,23.6 2 0
github.com/aaronangxz/SeaDinner/processors/menu_refresher.go:23.11,26.6 2 0
github.com/aaronangxz/SeaDinner/processors/menu_refresher.go:35.73,40.19 4 0
github.com/aaronangxz/SeaDinner/processors/menu_refresher.go:45.5,45.72 1 0
github.com/aaronangxz/SeaDinner/processors/menu_refresher.go:40.19,42.6 1 0
github.com/aaronangxz/SeaDinner/processors/menu_refresher.go:45.72,47.6 1 0
github.com/aaronangxz/SeaDinner/processors/menu_refresher.go:47.11,49.6 1 0
github.com/aaronangxz/SeaDinner/processors/order_dinner_with_update.go:18.115,28.63 4 0
github.com/aaronangxz/SeaDinner/processors/order_dinner_with_update.go:39.2,42.57 3 0
github.com/aaronangxz/SeaDinner/processors/order_dinner_with_update.go:67.2,73.29 2 0
github.com/aaronangxz/SeaDinner/processors/order_dinner_with_update.go:86.2,87.23 2 0
github.com/aaronangxz/SeaDinner/processors/order_dinner_with_update.go:28.63,37.3 2 0
github.com/aaronangxz/SeaDinner/processors/order_dinner_with_update.go:42.57,51.17 3 0
github.com/aaronangxz/SeaDinner/processors/order_dinner_with_update.go:56.3,56.56 1 0
github.com/aaronangxz/SeaDinner/processors/order_dinner_with_update.go:60.3,60.30 1 0
github.com/aaronangxz/SeaDinner/processors/order_dinner_with_update.go:64.3,64.77 1 0
github.com/aaronangxz/SeaDinner/processors/order_dinner_with_update.go:51.17,53.12 2 0
github.com/aaronangxz/SeaDinner/processors/order_dinner_with_update.go:56.56,58.4 1 0
github.com/aaronangxz/SeaDinner/processors/order_dinner_with_update.go:60.30,62.9 2 0
github.com/aaronangxz/SeaDinner/processors/order_dinner_with_update.go:73.29,75.24 2 0
github.com/aaronangxz/SeaDinner/processors/order_dinner_with_update.go:75.24,77.4 1 0
github.com/aaronangxz/SeaDinner/processors/order_dinner_with_update.go:77.9,79.4 1 0
github.com/aaronangxz/SeaDinner/processors/order_dinner_with_update.go:80.8,85.3 4 0
github.com/aaronangxz/SeaDinner/processors/batch_insert_order_logs.go:12.83,16.20 3 0
github.com/aaronangxz/SeaDinner/processors/batch_insert_order_logs.go:20.2,20.91 1 0
github.com/aaronangxz/SeaDinner/processors/batch_insert_order_logs.go:24.2,24.108 1 0
github.com/aaronangxz/SeaDinner/processors/batch_insert_order_logs.go:16.20,19.3 2 0
github.com/aaronangxz/SeaDinner/processors/batch_insert_order_logs.go:20.91,23.3 2 0
github.com/aaronangxz/SeaDinner/processors/batch_order_dinner_multi_threaded_with_wait.go:12.108,22.33 5 0
github.com/aaronangxz/SeaDinner/processors/batch_order_dinner_multi_threaded_with_wait.go:45.2,48.64 4 0
github.com/aaronangxz/SeaDinner/processors/batch_order_dinner_multi_threaded_with_wait.go:22.33,23.46 1 0
github.com/aaronangxz/SeaDinner/processors/batch_order_dinner_multi_threaded_with_wait.go:28.3,29.44 2 0
github.com/aaronangxz/SeaDinner/processors/batch_order_dinner_multi_threaded_with_wait.go:23.46,25.12 2 0
github.com/aaronangxz/SeaDinner/processors/batch_order_dinner_multi_threaded_with_wait.go:29.44,33.8 3 0
github.com/aaronangxz/SeaDinner/processors/batch_order_dinner_multi_threaded_with_wait.go:33.8,34.39 1 0
github.com/aaronangxz/SeaDinner/processors/batch_order_dinner_multi_threaded_with_wait.go:34.39,38.11 4 0
