mode: atomic
github.com/aaronangxz/SeaDinner/handlers/batch_get_latest_result.go:11.74,22.32 4 1
github.com/aaronangxz/SeaDinner/handlers/batch_get_latest_result.go:26.2,27.12 2 1
github.com/aaronangxz/SeaDinner/handlers/batch_get_latest_result.go:22.32,25.3 2 0
github.com/aaronangxz/SeaDinner/handlers/batch_get_user_choice_with_key.go:13.95,22.19 6 2
github.com/aaronangxz/SeaDinner/handlers/batch_get_user_choice_with_key.go:33.2,38.79 5 2
github.com/aaronangxz/SeaDinner/handlers/batch_get_user_choice_with_key.go:42.2,43.20 2 2
github.com/aaronangxz/SeaDinner/handlers/batch_get_user_choice_with_key.go:22.19,24.16 1 22
github.com/aaronangxz/SeaDinner/handlers/batch_get_user_choice_with_key.go:27.3,27.18 1 20
github.com/aaronangxz/SeaDinner/handlers/batch_get_user_choice_with_key.go:31.3,31.22 1 18
github.com/aaronangxz/SeaDinner/handlers/batch_get_user_choice_with_key.go:24.16,25.12 1 2
github.com/aaronangxz/SeaDinner/handlers/batch_get_user_choice_with_key.go:27.18,29.12 2 2
github.com/aaronangxz/SeaDinner/handlers/batch_get_user_choice_with_key.go:38.79,41.3 2 0
github.com/aaronangxz/SeaDinner/handlers/get_result_selection.go:7.69,24.2 9 0
github.com/aaronangxz/SeaDinner/handlers/list_result_by_user_id.go:12.88,22.13 4 0
github.com/aaronangxz/SeaDinner/handlers/list_result_by_user_id.go:27.2,27.19 1 0
github.com/aaronangxz/SeaDinner/handlers/list_result_by_user_id.go:39.2,39.165 1 0
github.com/aaronangxz/SeaDinner/handlers/list_result_by_user_id.go:44.2,44.16 1 0
github.com/aaronangxz/SeaDinner/handlers/list_result_by_user_id.go:47.2,48.56 2 0
github.com/aaronangxz/SeaDinner/handlers/list_result_by_user_id.go:22.13,25.3 2 0
github.com/aaronangxz/SeaDinner/handlers/list_result_by_user_id.go:28.64,30.19 2 0
github.com/aaronangxz/SeaDinner/handlers/list_result_by_user_id.go:31.65,33.20 2 0
github.com/aaronangxz/SeaDinner/handlers/list_result_by_user_id.go:34.64,36.19 2 0
github.com/aaronangxz/SeaDinner/handlers/list_result_by_user_id.go:39.165,42.3 2 0
github.com/aaronangxz/SeaDinner/handlers/list_result_by_user_id.go:44.16,46.3 1 0
github.com/aaronangxz/SeaDinner/handlers/util.go:16.61,26.28 6 16
github.com/aaronangxz/SeaDinner/handlers/util.go:29.2,29.35 1 16
github.com/aaronangxz/SeaDinner/handlers/util.go:33.2,35.16 3 16
github.com/aaronangxz/SeaDinner/handlers/util.go:26.28,28.3 1 16
github.com/aaronangxz/SeaDinner/handlers/util.go:29.35,31.3 1 144
github.com/aaronangxz/SeaDinner/handlers/util.go:39.61,49.28 6 1
github.com/aaronangxz/SeaDinner/handlers/util.go:52.2,52.35 1 1
github.com/aaronangxz/SeaDinner/handlers/util.go:55.2,56.16 2 1
github.com/aaronangxz/SeaDinner/handlers/util.go:49.28,51.3 1 1
github.com/aaronangxz/SeaDinner/handlers/util.go:52.35,54.3 1 9
github.com/aaronangxz/SeaDinner/handlers/util.go:61.81,68.108 5 1
github.com/aaronangxz/SeaDinner/handlers/util.go:73.2,73.29 1 1
github.com/aaronangxz/SeaDinner/handlers/util.go:91.2,92.15 2 1
github.com/aaronangxz/SeaDinner/handlers/util.go:68.108,71.3 2 0
github.com/aaronangxz/SeaDinner/handlers/util.go:73.29,74.33 1 4
github.com/aaronangxz/SeaDinner/handlers/util.go:78.3,78.46 1 4
github.com/aaronangxz/SeaDinner/handlers/util.go:81.3,83.17 3 4
github.com/aaronangxz/SeaDinner/handlers/util.go:87.3,87.43 1 4
github.com/aaronangxz/SeaDinner/handlers/util.go:74.33,76.4 1 1
github.com/aaronangxz/SeaDinner/handlers/util.go:78.46,80.4 1 4
github.com/aaronangxz/SeaDinner/handlers/util.go:83.17,86.4 2 0
github.com/aaronangxz/SeaDinner/handlers/util.go:87.43,89.4 1 39
github.com/aaronangxz/SeaDinner/handlers/util.go:95.43,96.25 1 5
github.com/aaronangxz/SeaDinner/handlers/util.go:101.2,101.25 1 4
github.com/aaronangxz/SeaDinner/handlers/util.go:106.2,106.14 1 3
github.com/aaronangxz/SeaDinner/handlers/util.go:96.25,97.29 1 105
github.com/aaronangxz/SeaDinner/handlers/util.go:97.29,99.4 1 1
github.com/aaronangxz/SeaDinner/handlers/util.go:101.25,102.57 1 103
github.com/aaronangxz/SeaDinner/handlers/util.go:102.57,104.4 1 1
github.com/aaronangxz/SeaDinner/handlers/util.go:109.37,110.25 1 4
github.com/aaronangxz/SeaDinner/handlers/util.go:115.2,115.14 1 3
github.com/aaronangxz/SeaDinner/handlers/util.go:110.25,111.28 1 94
github.com/aaronangxz/SeaDinner/handlers/util.go:111.28,113.4 1 1
github.com/aaronangxz/SeaDinner/handlers/make_help_response.go:6.32,29.2 3 1
github.com/aaronangxz/SeaDinner/handlers/send_notifications.go:15.45,23.16 5 0
github.com/aaronangxz/SeaDinner/handlers/send_notifications.go:26.2,33.24 6 0
github.com/aaronangxz/SeaDinner/handlers/send_notifications.go:23.16,25.3 1 0
github.com/aaronangxz/SeaDinner/handlers/send_notifications.go:33.24,34.69 1 0
github.com/aaronangxz/SeaDinner/handlers/send_notifications.go:40.3,40.78 1 0
github.com/aaronangxz/SeaDinner/handlers/send_notifications.go:34.69,36.4 1 0
github.com/aaronangxz/SeaDinner/handlers/send_notifications.go:36.9,38.4 1 0
github.com/aaronangxz/SeaDinner/handlers/send_notifications.go:40.78,42.4 1 0
github.com/aaronangxz/SeaDinner/handlers/send_reminder.go:14.40,19.16 4 0
github.com/aaronangxz/SeaDinner/handlers/send_reminder.go:22.2,31.24 7 0
github.com/aaronangxz/SeaDinner/handlers/send_reminder.go:97.2,97.41 1 0
github.com/aaronangxz/SeaDinner/handlers/send_reminder.go:19.16,21.3 1 0
github.com/aaronangxz/SeaDinner/handlers/send_reminder.go:31.24,41.35 3 0
github.com/aaronangxz/SeaDinner/handlers/send_reminder.go:92.3,93.42 2 0
github.com/aaronangxz/SeaDinner/handlers/send_reminder.go:41.35,51.4 8 0
github.com/aaronangxz/SeaDinner/handlers/send_reminder.go:51.9,53.33 1 0
github.com/aaronangxz/SeaDinner/handlers/send_reminder.go:58.4,59.11 2 0
github.com/aaronangxz/SeaDinner/handlers/send_reminder.go:53.33,55.13 2 0
github.com/aaronangxz/SeaDinner/handlers/send_reminder.go:59.11,61.5 1 0
github.com/aaronangxz/SeaDinner/handlers/send_reminder.go:61.10,62.34 1 0
github.com/aaronangxz/SeaDinner/handlers/send_reminder.go:62.34,64.68 1 0
github.com/aaronangxz/SeaDinner/handlers/send_reminder.go:77.6,77.37 1 0
github.com/aaronangxz/SeaDinner/handlers/send_reminder.go:82.6,88.26 7 0
github.com/aaronangxz/SeaDinner/handlers/send_reminder.go:64.68,66.38 2 0
github.com/aaronangxz/SeaDinner/handlers/send_reminder.go:66.38,68.8 1 0
github.com/aaronangxz/SeaDinner/handlers/send_reminder.go:69.12,71.38 2 0
github.com/aaronangxz/SeaDinner/handlers/send_reminder.go:71.38,73.8 1 0
github.com/aaronangxz/SeaDinner/handlers/send_reminder.go:77.37,80.7 2 0
github.com/aaronangxz/SeaDinner/handlers/send_reminder.go:93.42,95.4 1 0
github.com/aaronangxz/SeaDinner/handlers/batch_get_user_choice.go:14.72,22.214 4 1
github.com/aaronangxz/SeaDinner/handlers/batch_get_user_choice.go:29.2,29.24 1 1
github.com/aaronangxz/SeaDinner/handlers/batch_get_user_choice.go:40.2,41.12 2 1
github.com/aaronangxz/SeaDinner/handlers/batch_get_user_choice.go:22.214,25.3 2 0
github.com/aaronangxz/SeaDinner/handlers/batch_get_user_choice.go:29.24,31.32 1 2
github.com/aaronangxz/SeaDinner/handlers/batch_get_user_choice.go:31.32,33.95 2 1
github.com/aaronangxz/SeaDinner/handlers/batch_get_user_choice.go:33.95,35.5 1 0
github.com/aaronangxz/SeaDinner/handlers/batch_get_user_choice.go:35.10,37.5 1 1
github.com/aaronangxz/SeaDinner/handlers/callback_query_handler.go:12.107,18.23 4 0
github.com/aaronangxz/SeaDinner/handlers/callback_query_handler.go:37.2,37.44 1 0
github.com/aaronangxz/SeaDinner/handlers/callback_query_handler.go:19.14,20.14 1 0
github.com/aaronangxz/SeaDinner/handlers/callback_query_handler.go:21.16,22.44 1 0
github.com/aaronangxz/SeaDinner/handlers/callback_query_handler.go:23.23,24.18 1 0
github.com/aaronangxz/SeaDinner/handlers/callback_query_handler.go:25.16,26.30 1 0
github.com/aaronangxz/SeaDinner/handlers/callback_query_handler.go:27.14,28.32 1 0
github.com/aaronangxz/SeaDinner/handlers/callback_query_handler.go:29.20,30.95 1 0
github.com/aaronangxz/SeaDinner/handlers/callback_query_handler.go:31.21,32.96 1 0
github.com/aaronangxz/SeaDinner/handlers/check_chope.go:13.63,22.13 4 6
github.com/aaronangxz/SeaDinner/handlers/check_chope.go:26.2,27.72 2 5
github.com/aaronangxz/SeaDinner/handlers/check_chope.go:31.2,31.135 1 5
github.com/aaronangxz/SeaDinner/handlers/check_chope.go:34.2,34.38 1 5
github.com/aaronangxz/SeaDinner/handlers/check_chope.go:46.2,50.9 3 3
github.com/aaronangxz/SeaDinner/handlers/check_chope.go:54.2,54.46 1 2
github.com/aaronangxz/SeaDinner/handlers/check_chope.go:57.2,57.149 1 1
github.com/aaronangxz/SeaDinner/handlers/check_chope.go:22.13,25.3 2 1
github.com/aaronangxz/SeaDinner/handlers/check_chope.go:27.72,29.3 1 0
github.com/aaronangxz/SeaDinner/handlers/check_chope.go:31.135,33.3 1 0
github.com/aaronangxz/SeaDinner/handlers/check_chope.go:34.38,36.3 1 1
github.com/aaronangxz/SeaDinner/handlers/check_chope.go:36.8,36.51 1 4
github.com/aaronangxz/SeaDinner/handlers/check_chope.go:36.51,39.66 2 1
github.com/aaronangxz/SeaDinner/handlers/check_chope.go:44.3,44.126 1 1
github.com/aaronangxz/SeaDinner/handlers/check_chope.go:39.66,40.46 1 1
github.com/aaronangxz/SeaDinner/handlers/check_chope.go:40.46,42.5 1 1
github.com/aaronangxz/SeaDinner/handlers/check_chope.go:50.9,52.3 1 1
github.com/aaronangxz/SeaDinner/handlers/check_chope.go:54.46,56.3 1 1
github.com/aaronangxz/SeaDinner/handlers/delete_check_in_link.go:14.45,20.14 4 0
github.com/aaronangxz/SeaDinner/handlers/delete_check_in_link.go:25.2,25.31 1 0
github.com/aaronangxz/SeaDinner/handlers/delete_check_in_link.go:42.2,45.87 2 0
github.com/aaronangxz/SeaDinner/handlers/delete_check_in_link.go:20.14,23.3 2 0
github.com/aaronangxz/SeaDinner/handlers/delete_check_in_link.go:25.31,32.17 5 0
github.com/aaronangxz/SeaDinner/handlers/delete_check_in_link.go:35.3,38.40 4 0
github.com/aaronangxz/SeaDinner/handlers/delete_check_in_link.go:32.17,34.4 1 0
github.com/aaronangxz/SeaDinner/handlers/delete_check_in_link.go:38.40,40.4 1 0
github.com/aaronangxz/SeaDinner/handlers/delete_check_in_link.go:45.87,47.3 1 0
github.com/aaronangxz/SeaDinner/handlers/delete_check_in_link.go:47.8,49.3 1 0
github.com/aaronangxz/SeaDinner/handlers/get_key.go:17.51,26.13 4 3
github.com/aaronangxz/SeaDinner/handlers/get_key.go:32.2,33.21 2 3
github.com/aaronangxz/SeaDinner/handlers/get_key.go:51.2,51.132 1 2
github.com/aaronangxz/SeaDinner/handlers/get_key.go:57.2,58.16 2 1
github.com/aaronangxz/SeaDinner/handlers/get_key.go:62.2,62.85 1 1
github.com/aaronangxz/SeaDinner/handlers/get_key.go:67.2,68.36 2 1
github.com/aaronangxz/SeaDinner/handlers/get_key.go:26.13,29.3 2 0
github.com/aaronangxz/SeaDinner/handlers/get_key.go:33.21,34.28 1 2
github.com/aaronangxz/SeaDinner/handlers/get_key.go:34.28,36.4 1 2
github.com/aaronangxz/SeaDinner/handlers/get_key.go:36.9,38.4 1 0
github.com/aaronangxz/SeaDinner/handlers/get_key.go:39.8,42.17 3 1
github.com/aaronangxz/SeaDinner/handlers/get_key.go:42.17,44.4 1 0
github.com/aaronangxz/SeaDinner/handlers/get_key.go:44.9,47.4 2 1
github.com/aaronangxz/SeaDinner/handlers/get_key.go:51.132,54.3 2 1
github.com/aaronangxz/SeaDinner/handlers/get_key.go:58.16,60.3 1 0
github.com/aaronangxz/SeaDinner/handlers/get_key.go:62.85,64.3 1 0
github.com/aaronangxz/SeaDinner/handlers/get_key.go:64.8,66.3 1 1
github.com/aaronangxz/SeaDinner/handlers/update_chope.go:19.74,33.13 4 14
github.com/aaronangxz/SeaDinner/handlers/update_chope.go:39.2,39.107 1 13
github.com/aaronangxz/SeaDinner/handlers/update_chope.go:43.2,43.31 1 13
github.com/aaronangxz/SeaDinner/handlers/update_chope.go:51.2,53.17 2 11
github.com/aaronangxz/SeaDinner/handlers/update_chope.go:86.2,87.9 2 8
github.com/aaronangxz/SeaDinner/handlers/update_chope.go:92.2,92.135 1 7
github.com/aaronangxz/SeaDinner/handlers/update_chope.go:96.2,96.34 1 7
github.com/aaronangxz/SeaDinner/handlers/update_chope.go:119.2,119.160 1 7
github.com/aaronangxz/SeaDinner/handlers/update_chope.go:125.2,125.15 1 7
github.com/aaronangxz/SeaDinner/handlers/update_chope.go:129.2,129.17 1 5
github.com/aaronangxz/SeaDinner/handlers/update_chope.go:134.2,134.58 1 3
github.com/aaronangxz/SeaDinner/handlers/update_chope.go:145.2,145.89 1 3
github.com/aaronangxz/SeaDinner/handlers/update_chope.go:33.13,36.3 2 1
github.com/aaronangxz/SeaDinner/handlers/update_chope.go:39.107,41.3 1 0
github.com/aaronangxz/SeaDinner/handlers/update_chope.go:43.31,45.33 1 7
github.com/aaronangxz/SeaDinner/handlers/update_chope.go:45.33,48.4 2 2
github.com/aaronangxz/SeaDinner/handlers/update_chope.go:53.17,57.22 2 3
github.com/aaronangxz/SeaDinner/handlers/update_chope.go:66.3,66.16 1 3
github.com/aaronangxz/SeaDinner/handlers/update_chope.go:71.3,71.163 1 3
github.com/aaronangxz/SeaDinner/handlers/update_chope.go:76.3,76.18 1 3
github.com/aaronangxz/SeaDinner/handlers/update_chope.go:80.3,80.20 1 2
github.com/aaronangxz/SeaDinner/handlers/update_chope.go:83.3,83.75 1 1
github.com/aaronangxz/SeaDinner/handlers/update_chope.go:57.22,58.29 1 0
github.com/aaronangxz/SeaDinner/handlers/update_chope.go:63.4,63.82 1 0
github.com/aaronangxz/SeaDinner/handlers/update_chope.go:58.29,60.5 1 0
github.com/aaronangxz/SeaDinner/handlers/update_chope.go:60.10,62.5 1 0
github.com/aaronangxz/SeaDinner/handlers/update_chope.go:66.16,69.4 2 0
github.com/aaronangxz/SeaDinner/handlers/update_chope.go:71.163,74.4 2 0
github.com/aaronangxz/SeaDinner/handlers/update_chope.go:76.18,78.4 1 1
github.com/aaronangxz/SeaDinner/handlers/update_chope.go:80.20,82.4 1 1
github.com/aaronangxz/SeaDinner/handlers/update_chope.go:87.9,90.3 2 1
github.com/aaronangxz/SeaDinner/handlers/update_chope.go:92.135,95.3 2 0
github.com/aaronangxz/SeaDinner/handlers/update_chope.go:96.34,97.99 1 0
github.com/aaronangxz/SeaDinner/handlers/update_chope.go:103.3,103.16 1 0
github.com/aaronangxz/SeaDinner/handlers/update_chope.go:107.3,107.18 1 0
github.com/aaronangxz/SeaDinner/handlers/update_chope.go:112.3,112.59 1 0
github.com/aaronangxz/SeaDinner/handlers/update_chope.go:116.3,116.90 1 0
github.com/aaronangxz/SeaDinner/handlers/update_chope.go:97.99,100.4 2 0
github.com/aaronangxz/SeaDinner/handlers/update_chope.go:103.16,105.4 1 0
github.com/aaronangxz/SeaDinner/handlers/update_chope.go:107.18,109.4 1 0
github.com/aaronangxz/SeaDinner/handlers/update_chope.go:112.59,114.4 1 0
github.com/aaronangxz/SeaDinner/handlers/update_chope.go:119.160,122.3 2 0
github.com/aaronangxz/SeaDinner/handlers/update_chope.go:125.15,127.3 1 2
github.com/aaronangxz/SeaDinner/handlers/update_chope.go:129.17,131.3 1 2
github.com/aaronangxz/SeaDinner/handlers/update_chope.go:134.58,138.78 2 0
github.com/aaronangxz/SeaDinner/handlers/update_chope.go:143.3,143.87 1 0
github.com/aaronangxz/SeaDinner/handlers/update_chope.go:138.78,140.4 1 0
github.com/aaronangxz/SeaDinner/handlers/update_chope.go:140.9,142.4 1 0
github.com/aaronangxz/SeaDinner/handlers/update_key.go:18.72,35.13 5 4
github.com/aaronangxz/SeaDinner/handlers/update_key.go:40.2,40.13 1 4
github.com/aaronangxz/SeaDinner/handlers/update_key.go:45.2,45.18 1 3
github.com/aaronangxz/SeaDinner/handlers/update_key.go:50.2,50.52 1 2
github.com/aaronangxz/SeaDinner/handlers/update_key.go:55.2,55.132 1 2
github.com/aaronangxz/SeaDinner/handlers/update_key.go:59.2,59.34 1 2
github.com/aaronangxz/SeaDinner/handlers/update_key.go:86.2,86.162 1 1
github.com/aaronangxz/SeaDinner/handlers/update_key.go:92.2,92.77 1 1
github.com/aaronangxz/SeaDinner/handlers/update_key.go:95.2,97.67 2 1
github.com/aaronangxz/SeaDinner/handlers/update_key.go:35.13,38.3 2 0
github.com/aaronangxz/SeaDinner/handlers/update_key.go:40.13,43.3 2 1
github.com/aaronangxz/SeaDinner/handlers/update_key.go:45.18,48.3 2 1
github.com/aaronangxz/SeaDinner/handlers/update_key.go:50.52,53.3 2 0
github.com/aaronangxz/SeaDinner/handlers/update_key.go:55.132,58.3 2 0
github.com/aaronangxz/SeaDinner/handlers/update_key.go:59.34,60.96 1 1
github.com/aaronangxz/SeaDinner/handlers/update_key.go:66.3,67.22 2 1
github.com/aaronangxz/SeaDinner/handlers/update_key.go:83.3,83.136 1 1
github.com/aaronangxz/SeaDinner/handlers/update_key.go:60.96,63.4 2 0
github.com/aaronangxz/SeaDinner/handlers/update_key.go:67.22,68.29 1 0
github.com/aaronangxz/SeaDinner/handlers/update_key.go:68.29,70.5 1 0
github.com/aaronangxz/SeaDinner/handlers/update_key.go:70.10,72.5 1 0
github.com/aaronangxz/SeaDinner/handlers/update_key.go:73.9,75.26 1 1
github.com/aaronangxz/SeaDinner/handlers/update_key.go:75.26,76.95 1 0
github.com/aaronangxz/SeaDinner/handlers/update_key.go:76.95,78.6 1 0
github.com/aaronangxz/SeaDinner/handlers/update_key.go:78.11,80.6 1 0
github.com/aaronangxz/SeaDinner/handlers/update_key.go:86.162,89.3 2 0
github.com/aaronangxz/SeaDinner/handlers/update_key.go:92.77,94.3 1 0
github.com/aaronangxz/SeaDinner/handlers/update_mute.go:11.80,20.26 4 4
github.com/aaronangxz/SeaDinner/handlers/update_mute.go:26.2,26.129 1 4
github.com/aaronangxz/SeaDinner/handlers/update_mute.go:30.2,31.30 2 4
github.com/aaronangxz/SeaDinner/handlers/update_mute.go:20.26,24.3 3 2
github.com/aaronangxz/SeaDinner/handlers/update_mute.go:26.129,29.3 2 0
github.com/aaronangxz/SeaDinner/handlers/batch_get_sucessful_order.go:10.59,18.16 5 0
github.com/aaronangxz/SeaDinner/handlers/batch_get_sucessful_order.go:23.2,23.28 1 0
github.com/aaronangxz/SeaDinner/handlers/batch_get_sucessful_order.go:31.2,32.16 2 0
github.com/aaronangxz/SeaDinner/handlers/batch_get_sucessful_order.go:18.16,21.3 2 0
github.com/aaronangxz/SeaDinner/handlers/batch_get_sucessful_order.go:23.28,25.9 2 0
github.com/aaronangxz/SeaDinner/handlers/batch_get_sucessful_order.go:25.9,27.4 1 0
github.com/aaronangxz/SeaDinner/handlers/batch_get_sucessful_order.go:27.9,29.4 1 0
github.com/aaronangxz/SeaDinner/handlers/cancel_order.go:13.64,22.9 5 0
github.com/aaronangxz/SeaDinner/handlers/cancel_order.go:26.2,36.16 4 0
github.com/aaronangxz/SeaDinner/handlers/cancel_order.go:41.2,41.33 1 0
github.com/aaronangxz/SeaDinner/handlers/cancel_order.go:46.2,46.26 1 0
github.com/aaronangxz/SeaDinner/handlers/cancel_order.go:51.2,51.110 1 0
github.com/aaronangxz/SeaDinner/handlers/cancel_order.go:56.2,57.49 2 0
github.com/aaronangxz/SeaDinner/handlers/cancel_order.go:22.9,24.3 1 0
github.com/aaronangxz/SeaDinner/handlers/cancel_order.go:36.16,39.3 2 0
github.com/aaronangxz/SeaDinner/handlers/cancel_order.go:41.33,44.3 2 0
github.com/aaronangxz/SeaDinner/handlers/cancel_order.go:46.26,49.3 2 0
github.com/aaronangxz/SeaDinner/handlers/cancel_order.go:51.110,54.3 2 0
github.com/aaronangxz/SeaDinner/handlers/check_key.go:18.61,27.13 4 3
github.com/aaronangxz/SeaDinner/handlers/check_key.go:33.2,34.21 2 3
github.com/aaronangxz/SeaDinner/handlers/check_key.go:54.2,54.132 1 2
github.com/aaronangxz/SeaDinner/handlers/check_key.go:65.2,66.16 2 1
github.com/aaronangxz/SeaDinner/handlers/check_key.go:70.2,70.85 1 1
github.com/aaronangxz/SeaDinner/handlers/check_key.go:75.2,77.171 3 1
github.com/aaronangxz/SeaDinner/handlers/check_key.go:27.13,30.3 2 0
github.com/aaronangxz/SeaDinner/handlers/check_key.go:34.21,35.28 1 2
github.com/aaronangxz/SeaDinner/handlers/check_key.go:35.28,37.4 1 2
github.com/aaronangxz/SeaDinner/handlers/check_key.go:37.9,39.4 1 0
github.com/aaronangxz/SeaDinner/handlers/check_key.go:40.8,43.17 3 1
github.com/aaronangxz/SeaDinner/handlers/check_key.go:43.17,45.4 1 0
github.com/aaronangxz/SeaDinner/handlers/check_key.go:45.9,50.4 4 1
github.com/aaronangxz/SeaDinner/handlers/check_key.go:54.132,57.99 2 1
github.com/aaronangxz/SeaDinner/handlers/check_key.go:62.3,62.69 1 1
github.com/aaronangxz/SeaDinner/handlers/check_key.go:57.99,59.4 1 0
github.com/aaronangxz/SeaDinner/handlers/check_key.go:59.9,61.4 1 1
github.com/aaronangxz/SeaDinner/handlers/check_key.go:66.16,68.3 1 0
github.com/aaronangxz/SeaDinner/handlers/check_key.go:70.85,72.3 1 0
github.com/aaronangxz/SeaDinner/handlers/check_key.go:72.8,74.3 1 1
github.com/aaronangxz/SeaDinner/handlers/check_mute.go:12.89,20.121 4 3
github.com/aaronangxz/SeaDinner/handlers/check_mute.go:25.2,25.16 1 3
github.com/aaronangxz/SeaDinner/handlers/check_mute.go:30.2,30.68 1 2
github.com/aaronangxz/SeaDinner/handlers/check_mute.go:37.2,41.83 5 1
github.com/aaronangxz/SeaDinner/handlers/check_mute.go:20.121,23.3 2 0
github.com/aaronangxz/SeaDinner/handlers/check_mute.go:25.16,28.3 2 1
github.com/aaronangxz/SeaDinner/handlers/check_mute.go:30.68,36.3 5 1
github.com/aaronangxz/SeaDinner/handlers/generate_result_table.go:11.112,24.27 7 1
github.com/aaronangxz/SeaDinner/handlers/generate_result_table.go:32.2,34.42 3 1
github.com/aaronangxz/SeaDinner/handlers/generate_result_table.go:24.27,27.10 3 3
github.com/aaronangxz/SeaDinner/handlers/generate_result_table.go:30.3,30.129 1 3
github.com/aaronangxz/SeaDinner/handlers/generate_result_table.go:27.10,29.4 1 0
github.com/aaronangxz/SeaDinner/handlers/list_weekly_result_by_user_id.go:13.69,20.29 4 0
github.com/aaronangxz/SeaDinner/handlers/list_weekly_result_by_user_id.go:25.2,27.13 2 0
github.com/aaronangxz/SeaDinner/handlers/list_weekly_result_by_user_id.go:32.2,32.165 1 0
github.com/aaronangxz/SeaDinner/handlers/list_weekly_result_by_user_id.go:37.2,37.16 1 0
github.com/aaronangxz/SeaDinner/handlers/list_weekly_result_by_user_id.go:40.2,41.44 2 0
github.com/aaronangxz/SeaDinner/handlers/list_weekly_result_by_user_id.go:20.29,23.3 2 0
github.com/aaronangxz/SeaDinner/handlers/list_weekly_result_by_user_id.go:27.13,30.3 2 0
github.com/aaronangxz/SeaDinner/handlers/list_weekly_result_by_user_id.go:32.165,35.3 2 0
github.com/aaronangxz/SeaDinner/handlers/list_weekly_result_by_user_id.go:37.16,39.3 1 0
github.com/aaronangxz/SeaDinner/handlers/send_check_in_link.go:13.43,24.16 5 0
github.com/aaronangxz/SeaDinner/handlers/send_check_in_link.go:29.2,31.16 3 0
github.com/aaronangxz/SeaDinner/handlers/send_check_in_link.go:34.2,37.30 3 0
github.com/aaronangxz/SeaDinner/handlers/send_check_in_link.go:24.16,27.3 2 0
github.com/aaronangxz/SeaDinner/handlers/send_check_in_link.go:31.16,33.3 1 0
github.com/aaronangxz/SeaDinner/handlers/send_check_in_link.go:37.30,46.49 7 0
github.com/aaronangxz/SeaDinner/handlers/send_check_in_link.go:46.49,48.4 1 0
github.com/aaronangxz/SeaDinner/handlers/send_check_in_link.go:48.9,51.99 2 0
github.com/aaronangxz/SeaDinner/handlers/send_check_in_link.go:51.99,53.5 1 0
github.com/aaronangxz/SeaDinner/handlers/send_check_in_link.go:53.10,55.5 1 0
github.com/aaronangxz/SeaDinner/handlers/send_potential_users.go:16.46,26.16 5 1
github.com/aaronangxz/SeaDinner/handlers/send_potential_users.go:30.2,30.14 1 1
github.com/aaronangxz/SeaDinner/handlers/send_potential_users.go:35.2,35.25 1 1
github.com/aaronangxz/SeaDinner/handlers/send_potential_users.go:78.2,78.44 1 1
github.com/aaronangxz/SeaDinner/handlers/send_potential_users.go:26.16,29.3 2 0
github.com/aaronangxz/SeaDinner/handlers/send_potential_users.go:30.14,33.3 2 0
github.com/aaronangxz/SeaDinner/handlers/send_potential_users.go:35.25,41.62 4 3
github.com/aaronangxz/SeaDinner/handlers/send_potential_users.go:46.3,46.41 1 1
github.com/aaronangxz/SeaDinner/handlers/send_potential_users.go:60.3,65.96 2 1
github.com/aaronangxz/SeaDinner/handlers/send_potential_users.go:71.3,72.99 2 1
github.com/aaronangxz/SeaDinner/handlers/send_potential_users.go:41.62,43.12 2 2
github.com/aaronangxz/SeaDinner/handlers/send_potential_users.go:46.41,48.4 1 1
github.com/aaronangxz/SeaDinner/handlers/send_potential_users.go:48.9,50.18 2 0
github.com/aaronangxz/SeaDinner/handlers/send_potential_users.go:53.4,55.76 3 0
github.com/aaronangxz/SeaDinner/handlers/send_potential_users.go:50.18,52.5 1 0
github.com/aaronangxz/SeaDinner/handlers/send_potential_users.go:55.76,57.5 1 0
github.com/aaronangxz/SeaDinner/handlers/send_potential_users.go:65.96,67.4 1 0
github.com/aaronangxz/SeaDinner/handlers/send_potential_users.go:67.9,69.4 1 1
github.com/aaronangxz/SeaDinner/handlers/send_potential_users.go:72.99,74.4 1 0
github.com/aaronangxz/SeaDinner/handlers/send_potential_users.go:74.9,76.4 1 1
