mode: atomic
github.com/aaronangxz/SeaDinner/bot/handlers.go:23.51,32.13 4 3
github.com/aaronangxz/SeaDinner/bot/handlers.go:38.2,39.21 2 3
github.com/aaronangxz/SeaDinner/bot/handlers.go:57.2,57.122 1 2
github.com/aaronangxz/SeaDinner/bot/handlers.go:63.2,64.16 2 1
github.com/aaronangxz/SeaDinner/bot/handlers.go:68.2,68.81 1 1
github.com/aaronangxz/SeaDinner/bot/handlers.go:73.2,74.36 2 1
github.com/aaronangxz/SeaDinner/bot/handlers.go:32.13,35.3 2 0
github.com/aaronangxz/SeaDinner/bot/handlers.go:39.21,40.28 1 2
github.com/aaronangxz/SeaDinner/bot/handlers.go:40.28,42.4 1 2
github.com/aaronangxz/SeaDinner/bot/handlers.go:42.9,44.4 1 0
github.com/aaronangxz/SeaDinner/bot/handlers.go:45.8,48.17 3 1
github.com/aaronangxz/SeaDinner/bot/handlers.go:48.17,50.4 1 0
github.com/aaronangxz/SeaDinner/bot/handlers.go:50.9,53.4 2 1
github.com/aaronangxz/SeaDinner/bot/handlers.go:57.122,60.3 2 1
github.com/aaronangxz/SeaDinner/bot/handlers.go:64.16,66.3 1 0
github.com/aaronangxz/SeaDinner/bot/handlers.go:68.81,70.3 1 0
github.com/aaronangxz/SeaDinner/bot/handlers.go:70.8,72.3 1 1
github.com/aaronangxz/SeaDinner/bot/handlers.go:79.61,88.13 4 3
github.com/aaronangxz/SeaDinner/bot/handlers.go:94.2,95.21 2 3
github.com/aaronangxz/SeaDinner/bot/handlers.go:115.2,115.122 1 2
github.com/aaronangxz/SeaDinner/bot/handlers.go:119.2,120.16 2 1
github.com/aaronangxz/SeaDinner/bot/handlers.go:124.2,124.81 1 1
github.com/aaronangxz/SeaDinner/bot/handlers.go:129.2,131.171 3 1
github.com/aaronangxz/SeaDinner/bot/handlers.go:88.13,91.3 2 0
github.com/aaronangxz/SeaDinner/bot/handlers.go:95.21,96.28 1 2
github.com/aaronangxz/SeaDinner/bot/handlers.go:96.28,98.4 1 2
github.com/aaronangxz/SeaDinner/bot/handlers.go:98.9,100.4 1 0
github.com/aaronangxz/SeaDinner/bot/handlers.go:101.8,104.17 3 1
github.com/aaronangxz/SeaDinner/bot/handlers.go:104.17,106.4 1 0
github.com/aaronangxz/SeaDinner/bot/handlers.go:106.9,111.4 4 1
github.com/aaronangxz/SeaDinner/bot/handlers.go:115.122,117.3 1 1
github.com/aaronangxz/SeaDinner/bot/handlers.go:120.16,122.3 1 0
github.com/aaronangxz/SeaDinner/bot/handlers.go:124.81,126.3 1 0
github.com/aaronangxz/SeaDinner/bot/handlers.go:126.8,128.3 1 1
github.com/aaronangxz/SeaDinner/bot/handlers.go:137.72,154.13 5 4
github.com/aaronangxz/SeaDinner/bot/handlers.go:159.2,159.13 1 4
github.com/aaronangxz/SeaDinner/bot/handlers.go:164.2,164.18 1 3
github.com/aaronangxz/SeaDinner/bot/handlers.go:169.2,169.122 1 2
github.com/aaronangxz/SeaDinner/bot/handlers.go:173.2,173.34 1 2
github.com/aaronangxz/SeaDinner/bot/handlers.go:181.2,181.152 1 1
github.com/aaronangxz/SeaDinner/bot/handlers.go:187.2,187.73 1 1
github.com/aaronangxz/SeaDinner/bot/handlers.go:190.2,192.67 2 1
github.com/aaronangxz/SeaDinner/bot/handlers.go:154.13,157.3 2 0
github.com/aaronangxz/SeaDinner/bot/handlers.go:159.13,162.3 2 1
github.com/aaronangxz/SeaDinner/bot/handlers.go:164.18,167.3 2 1
github.com/aaronangxz/SeaDinner/bot/handlers.go:169.122,172.3 2 0
github.com/aaronangxz/SeaDinner/bot/handlers.go:173.34,174.86 1 1
github.com/aaronangxz/SeaDinner/bot/handlers.go:178.3,178.136 1 1
github.com/aaronangxz/SeaDinner/bot/handlers.go:174.86,177.4 2 0
github.com/aaronangxz/SeaDinner/bot/handlers.go:181.152,184.3 2 0
github.com/aaronangxz/SeaDinner/bot/handlers.go:187.73,189.3 1 0
github.com/aaronangxz/SeaDinner/bot/handlers.go:196.63,205.13 4 6
github.com/aaronangxz/SeaDinner/bot/handlers.go:210.2,210.29 1 5
github.com/aaronangxz/SeaDinner/bot/handlers.go:214.2,214.125 1 5
github.com/aaronangxz/SeaDinner/bot/handlers.go:217.2,217.38 1 5
github.com/aaronangxz/SeaDinner/bot/handlers.go:229.2,233.9 3 3
github.com/aaronangxz/SeaDinner/bot/handlers.go:237.2,237.46 1 2
github.com/aaronangxz/SeaDinner/bot/handlers.go:240.2,240.149 1 1
github.com/aaronangxz/SeaDinner/bot/handlers.go:205.13,208.3 2 1
github.com/aaronangxz/SeaDinner/bot/handlers.go:210.29,212.3 1 0
github.com/aaronangxz/SeaDinner/bot/handlers.go:214.125,216.3 1 0
github.com/aaronangxz/SeaDinner/bot/handlers.go:217.38,219.3 1 1
github.com/aaronangxz/SeaDinner/bot/handlers.go:219.8,219.51 1 4
github.com/aaronangxz/SeaDinner/bot/handlers.go:219.51,222.66 2 1
github.com/aaronangxz/SeaDinner/bot/handlers.go:227.3,227.126 1 1
github.com/aaronangxz/SeaDinner/bot/handlers.go:222.66,223.46 1 0
github.com/aaronangxz/SeaDinner/bot/handlers.go:223.46,225.5 1 0
github.com/aaronangxz/SeaDinner/bot/handlers.go:233.9,235.3 1 1
github.com/aaronangxz/SeaDinner/bot/handlers.go:237.46,239.3 1 1
github.com/aaronangxz/SeaDinner/bot/handlers.go:246.71,260.13 4 14
github.com/aaronangxz/SeaDinner/bot/handlers.go:266.2,266.107 1 13
github.com/aaronangxz/SeaDinner/bot/handlers.go:270.2,270.31 1 13
github.com/aaronangxz/SeaDinner/bot/handlers.go:278.2,280.17 2 11
github.com/aaronangxz/SeaDinner/bot/handlers.go:313.2,314.9 2 8
github.com/aaronangxz/SeaDinner/bot/handlers.go:319.2,319.125 1 7
github.com/aaronangxz/SeaDinner/bot/handlers.go:323.2,323.34 1 7
github.com/aaronangxz/SeaDinner/bot/handlers.go:346.2,346.150 1 7
github.com/aaronangxz/SeaDinner/bot/handlers.go:352.2,352.15 1 7
github.com/aaronangxz/SeaDinner/bot/handlers.go:356.2,356.17 1 5
github.com/aaronangxz/SeaDinner/bot/handlers.go:361.2,361.58 1 3
github.com/aaronangxz/SeaDinner/bot/handlers.go:370.2,370.89 1 0
github.com/aaronangxz/SeaDinner/bot/handlers.go:260.13,263.3 2 1
github.com/aaronangxz/SeaDinner/bot/handlers.go:266.107,268.3 1 0
github.com/aaronangxz/SeaDinner/bot/handlers.go:270.31,272.33 1 7
github.com/aaronangxz/SeaDinner/bot/handlers.go:272.33,275.4 2 2
github.com/aaronangxz/SeaDinner/bot/handlers.go:280.17,284.22 2 3
github.com/aaronangxz/SeaDinner/bot/handlers.go:293.3,293.16 1 3
github.com/aaronangxz/SeaDinner/bot/handlers.go:298.3,298.153 1 3
github.com/aaronangxz/SeaDinner/bot/handlers.go:303.3,303.18 1 3
github.com/aaronangxz/SeaDinner/bot/handlers.go:307.3,307.20 1 2
github.com/aaronangxz/SeaDinner/bot/handlers.go:310.3,310.75 1 1
github.com/aaronangxz/SeaDinner/bot/handlers.go:284.22,285.29 1 0
github.com/aaronangxz/SeaDinner/bot/handlers.go:290.4,290.82 1 0
github.com/aaronangxz/SeaDinner/bot/handlers.go:285.29,287.5 1 0
github.com/aaronangxz/SeaDinner/bot/handlers.go:287.10,289.5 1 0
github.com/aaronangxz/SeaDinner/bot/handlers.go:293.16,296.4 2 0
github.com/aaronangxz/SeaDinner/bot/handlers.go:298.153,301.4 2 0
github.com/aaronangxz/SeaDinner/bot/handlers.go:303.18,305.4 1 1
github.com/aaronangxz/SeaDinner/bot/handlers.go:307.20,309.4 1 1
github.com/aaronangxz/SeaDinner/bot/handlers.go:314.9,317.3 2 1
github.com/aaronangxz/SeaDinner/bot/handlers.go:319.125,322.3 2 0
github.com/aaronangxz/SeaDinner/bot/handlers.go:323.34,324.89 1 0
github.com/aaronangxz/SeaDinner/bot/handlers.go:330.3,330.16 1 0
github.com/aaronangxz/SeaDinner/bot/handlers.go:334.3,334.18 1 0
github.com/aaronangxz/SeaDinner/bot/handlers.go:339.3,339.59 1 0
github.com/aaronangxz/SeaDinner/bot/handlers.go:343.3,343.90 1 0
github.com/aaronangxz/SeaDinner/bot/handlers.go:324.89,327.4 2 0
github.com/aaronangxz/SeaDinner/bot/handlers.go:330.16,332.4 1 0
github.com/aaronangxz/SeaDinner/bot/handlers.go:334.18,336.4 1 0
github.com/aaronangxz/SeaDinner/bot/handlers.go:339.59,341.4 1 0
github.com/aaronangxz/SeaDinner/bot/handlers.go:346.150,349.3 2 0
github.com/aaronangxz/SeaDinner/bot/handlers.go:352.15,354.3 1 2
github.com/aaronangxz/SeaDinner/bot/handlers.go:356.17,358.3 1 2
github.com/aaronangxz/SeaDinner/bot/handlers.go:361.58,363.143 1 3
github.com/aaronangxz/SeaDinner/bot/handlers.go:368.3,368.87 1 3
github.com/aaronangxz/SeaDinner/bot/handlers.go:363.143,365.4 1 0
github.com/aaronangxz/SeaDinner/bot/handlers.go:365.9,367.4 1 3
github.com/aaronangxz/SeaDinner/bot/handlers.go:374.69,381.29 4 0
github.com/aaronangxz/SeaDinner/bot/handlers.go:386.2,388.13 2 0
github.com/aaronangxz/SeaDinner/bot/handlers.go:393.2,393.155 1 0
github.com/aaronangxz/SeaDinner/bot/handlers.go:398.2,398.16 1 0
github.com/aaronangxz/SeaDinner/bot/handlers.go:401.2,402.44 2 0
github.com/aaronangxz/SeaDinner/bot/handlers.go:381.29,384.3 2 0
github.com/aaronangxz/SeaDinner/bot/handlers.go:388.13,391.3 2 0
github.com/aaronangxz/SeaDinner/bot/handlers.go:393.155,396.3 2 0
github.com/aaronangxz/SeaDinner/bot/handlers.go:398.16,400.3 1 0
github.com/aaronangxz/SeaDinner/bot/handlers.go:406.94,421.27 8 0
github.com/aaronangxz/SeaDinner/bot/handlers.go:431.2,433.42 3 0
github.com/aaronangxz/SeaDinner/bot/handlers.go:421.27,424.37 2 0
github.com/aaronangxz/SeaDinner/bot/handlers.go:429.3,429.129 1 0
github.com/aaronangxz/SeaDinner/bot/handlers.go:424.37,426.4 1 0
github.com/aaronangxz/SeaDinner/bot/handlers.go:426.9,428.4 1 0
github.com/aaronangxz/SeaDinner/bot/handlers.go:437.74,448.32 4 0
github.com/aaronangxz/SeaDinner/bot/handlers.go:452.2,453.12 2 0
github.com/aaronangxz/SeaDinner/bot/handlers.go:448.32,451.3 2 0
github.com/aaronangxz/SeaDinner/bot/handlers.go:458.45,466.16 5 0
github.com/aaronangxz/SeaDinner/bot/handlers.go:469.2,476.24 6 0
github.com/aaronangxz/SeaDinner/bot/handlers.go:466.16,468.3 1 0
github.com/aaronangxz/SeaDinner/bot/handlers.go:476.24,477.69 1 0
github.com/aaronangxz/SeaDinner/bot/handlers.go:483.3,483.78 1 0
github.com/aaronangxz/SeaDinner/bot/handlers.go:477.69,479.4 1 0
github.com/aaronangxz/SeaDinner/bot/handlers.go:479.9,481.4 1 0
github.com/aaronangxz/SeaDinner/bot/handlers.go:483.78,485.4 1 0
github.com/aaronangxz/SeaDinner/bot/handlers.go:490.53,498.204 4 0
github.com/aaronangxz/SeaDinner/bot/handlers.go:505.2,505.24 1 0
github.com/aaronangxz/SeaDinner/bot/handlers.go:516.2,517.12 2 0
github.com/aaronangxz/SeaDinner/bot/handlers.go:498.204,501.3 2 0
github.com/aaronangxz/SeaDinner/bot/handlers.go:505.24,507.32 1 0
github.com/aaronangxz/SeaDinner/bot/handlers.go:507.32,509.91 2 0
github.com/aaronangxz/SeaDinner/bot/handlers.go:509.91,511.5 1 0
github.com/aaronangxz/SeaDinner/bot/handlers.go:511.10,513.5 1 0
github.com/aaronangxz/SeaDinner/bot/handlers.go:521.40,526.16 4 0
github.com/aaronangxz/SeaDinner/bot/handlers.go:529.2,538.24 7 0
github.com/aaronangxz/SeaDinner/bot/handlers.go:604.2,604.41 1 0
github.com/aaronangxz/SeaDinner/bot/handlers.go:526.16,528.3 1 0
github.com/aaronangxz/SeaDinner/bot/handlers.go:538.24,548.35 3 0
github.com/aaronangxz/SeaDinner/bot/handlers.go:599.3,600.42 2 0
github.com/aaronangxz/SeaDinner/bot/handlers.go:548.35,558.4 8 0
github.com/aaronangxz/SeaDinner/bot/handlers.go:558.9,560.33 1 0
github.com/aaronangxz/SeaDinner/bot/handlers.go:565.4,566.11 2 0
github.com/aaronangxz/SeaDinner/bot/handlers.go:560.33,562.13 2 0
github.com/aaronangxz/SeaDinner/bot/handlers.go:566.11,568.5 1 0
github.com/aaronangxz/SeaDinner/bot/handlers.go:568.10,569.34 1 0
github.com/aaronangxz/SeaDinner/bot/handlers.go:569.34,571.68 1 0
github.com/aaronangxz/SeaDinner/bot/handlers.go:584.6,584.37 1 0
github.com/aaronangxz/SeaDinner/bot/handlers.go:589.6,595.26 7 0
github.com/aaronangxz/SeaDinner/bot/handlers.go:571.68,573.38 2 0
github.com/aaronangxz/SeaDinner/bot/handlers.go:573.38,575.8 1 0
github.com/aaronangxz/SeaDinner/bot/handlers.go:576.12,578.38 2 0
github.com/aaronangxz/SeaDinner/bot/handlers.go:578.38,580.8 1 0
github.com/aaronangxz/SeaDinner/bot/handlers.go:584.37,587.7 2 0
github.com/aaronangxz/SeaDinner/bot/handlers.go:600.42,602.4 1 0
github.com/aaronangxz/SeaDinner/bot/handlers.go:608.61,617.35 6 16
github.com/aaronangxz/SeaDinner/bot/handlers.go:621.2,623.16 3 16
github.com/aaronangxz/SeaDinner/bot/handlers.go:617.35,619.3 1 128
github.com/aaronangxz/SeaDinner/bot/handlers.go:627.61,636.35 6 0
github.com/aaronangxz/SeaDinner/bot/handlers.go:639.2,640.16 2 0
github.com/aaronangxz/SeaDinner/bot/handlers.go:636.35,638.3 1 0
github.com/aaronangxz/SeaDinner/bot/handlers.go:644.107,650.23 4 0
github.com/aaronangxz/SeaDinner/bot/handlers.go:662.2,662.41 1 0
github.com/aaronangxz/SeaDinner/bot/handlers.go:651.14,652.14 1 0
github.com/aaronangxz/SeaDinner/bot/handlers.go:653.16,654.44 1 0
github.com/aaronangxz/SeaDinner/bot/handlers.go:655.23,656.18 1 0
github.com/aaronangxz/SeaDinner/bot/handlers.go:657.16,658.30 1 0
github.com/aaronangxz/SeaDinner/bot/handlers.go:659.14,660.32 1 0
github.com/aaronangxz/SeaDinner/bot/handlers.go:666.32,689.2 3 0
github.com/aaronangxz/SeaDinner/bot/handlers.go:692.89,700.111 4 3
github.com/aaronangxz/SeaDinner/bot/handlers.go:705.2,705.16 1 3
github.com/aaronangxz/SeaDinner/bot/handlers.go:710.2,710.68 1 2
github.com/aaronangxz/SeaDinner/bot/handlers.go:717.2,721.83 5 1
github.com/aaronangxz/SeaDinner/bot/handlers.go:700.111,703.3 2 0
github.com/aaronangxz/SeaDinner/bot/handlers.go:705.16,708.3 2 1
github.com/aaronangxz/SeaDinner/bot/handlers.go:710.68,716.3 5 1
github.com/aaronangxz/SeaDinner/bot/handlers.go:725.80,734.26 4 4
github.com/aaronangxz/SeaDinner/bot/handlers.go:740.2,740.119 1 4
github.com/aaronangxz/SeaDinner/bot/handlers.go:744.2,745.30 2 4
github.com/aaronangxz/SeaDinner/bot/handlers.go:734.26,738.3 3 2
github.com/aaronangxz/SeaDinner/bot/handlers.go:740.119,743.3 2 0
github.com/aaronangxz/SeaDinner/bot/handlers.go:749.64,758.9 5 0
github.com/aaronangxz/SeaDinner/bot/handlers.go:762.2,772.16 4 0
github.com/aaronangxz/SeaDinner/bot/handlers.go:777.2,777.33 1 0
github.com/aaronangxz/SeaDinner/bot/handlers.go:782.2,782.26 1 0
github.com/aaronangxz/SeaDinner/bot/handlers.go:786.2,787.49 2 0
github.com/aaronangxz/SeaDinner/bot/handlers.go:758.9,760.3 1 0
github.com/aaronangxz/SeaDinner/bot/handlers.go:772.16,775.3 2 0
github.com/aaronangxz/SeaDinner/bot/handlers.go:777.33,780.3 2 0
github.com/aaronangxz/SeaDinner/bot/handlers.go:782.26,785.3 2 0
github.com/aaronangxz/SeaDinner/bot/handlers.go:791.95,800.19 6 2
github.com/aaronangxz/SeaDinner/bot/handlers.go:811.2,816.69 5 2
github.com/aaronangxz/SeaDinner/bot/handlers.go:820.2,821.20 2 2
github.com/aaronangxz/SeaDinner/bot/handlers.go:800.19,802.16 1 20
github.com/aaronangxz/SeaDinner/bot/handlers.go:805.3,805.18 1 18
github.com/aaronangxz/SeaDinner/bot/handlers.go:809.3,809.22 1 16
github.com/aaronangxz/SeaDinner/bot/handlers.go:802.16,803.12 1 2
github.com/aaronangxz/SeaDinner/bot/handlers.go:805.18,807.12 2 2
github.com/aaronangxz/SeaDinner/bot/handlers.go:816.69,819.3 2 0
github.com/aaronangxz/SeaDinner/bot/handlers.go:825.59,833.16 5 0
github.com/aaronangxz/SeaDinner/bot/handlers.go:838.2,838.28 1 0
github.com/aaronangxz/SeaDinner/bot/handlers.go:846.2,847.16 2 0
github.com/aaronangxz/SeaDinner/bot/handlers.go:833.16,836.3 2 0
github.com/aaronangxz/SeaDinner/bot/handlers.go:838.28,840.9 2 0
github.com/aaronangxz/SeaDinner/bot/handlers.go:840.9,842.4 1 0
github.com/aaronangxz/SeaDinner/bot/handlers.go:842.9,844.4 1 0
github.com/aaronangxz/SeaDinner/bot/handlers.go:851.43,862.16 5 0
github.com/aaronangxz/SeaDinner/bot/handlers.go:867.2,869.16 3 0
github.com/aaronangxz/SeaDinner/bot/handlers.go:872.2,875.30 3 0
github.com/aaronangxz/SeaDinner/bot/handlers.go:862.16,865.3 2 0
github.com/aaronangxz/SeaDinner/bot/handlers.go:869.16,871.3 1 0
github.com/aaronangxz/SeaDinner/bot/handlers.go:875.30,884.49 7 0
github.com/aaronangxz/SeaDinner/bot/handlers.go:884.49,886.4 1 0
github.com/aaronangxz/SeaDinner/bot/handlers.go:886.9,889.85 2 0
github.com/aaronangxz/SeaDinner/bot/handlers.go:889.85,891.5 1 0
github.com/aaronangxz/SeaDinner/bot/handlers.go:891.10,893.5 1 0
github.com/aaronangxz/SeaDinner/bot/handlers.go:899.45,905.14 4 0
github.com/aaronangxz/SeaDinner/bot/handlers.go:910.2,910.31 1 0
github.com/aaronangxz/SeaDinner/bot/handlers.go:927.2,930.73 2 0
github.com/aaronangxz/SeaDinner/bot/handlers.go:905.14,908.3 2 0
github.com/aaronangxz/SeaDinner/bot/handlers.go:910.31,917.17 5 0
github.com/aaronangxz/SeaDinner/bot/handlers.go:920.3,923.40 4 0
github.com/aaronangxz/SeaDinner/bot/handlers.go:917.17,919.4 1 0
github.com/aaronangxz/SeaDinner/bot/handlers.go:923.40,925.4 1 0
github.com/aaronangxz/SeaDinner/bot/handlers.go:930.73,932.3 1 0
github.com/aaronangxz/SeaDinner/bot/handlers.go:932.8,934.3 1 0
