mode: atomic
github.com/aaronangxz/SeaDinner/bot/batch_get_sucessful_order.go:10.59,18.16 5 0
github.com/aaronangxz/SeaDinner/bot/batch_get_sucessful_order.go:23.2,23.28 1 0
github.com/aaronangxz/SeaDinner/bot/batch_get_sucessful_order.go:31.2,32.16 2 0
github.com/aaronangxz/SeaDinner/bot/batch_get_sucessful_order.go:18.16,21.3 2 0
github.com/aaronangxz/SeaDinner/bot/batch_get_sucessful_order.go:23.28,25.9 2 0
github.com/aaronangxz/SeaDinner/bot/batch_get_sucessful_order.go:25.9,27.4 1 0
github.com/aaronangxz/SeaDinner/bot/batch_get_sucessful_order.go:27.9,29.4 1 0
github.com/aaronangxz/SeaDinner/bot/batch_get_user_choice.go:14.72,22.204 4 0
github.com/aaronangxz/SeaDinner/bot/batch_get_user_choice.go:29.2,29.24 1 0
github.com/aaronangxz/SeaDinner/bot/batch_get_user_choice.go:40.2,41.12 2 0
github.com/aaronangxz/SeaDinner/bot/batch_get_user_choice.go:22.204,25.3 2 0
github.com/aaronangxz/SeaDinner/bot/batch_get_user_choice.go:29.24,31.32 1 0
github.com/aaronangxz/SeaDinner/bot/batch_get_user_choice.go:31.32,33.91 2 0
github.com/aaronangxz/SeaDinner/bot/batch_get_user_choice.go:33.91,35.5 1 0
github.com/aaronangxz/SeaDinner/bot/batch_get_user_choice.go:35.10,37.5 1 0
github.com/aaronangxz/SeaDinner/bot/update_mute.go:11.80,20.26 4 4
github.com/aaronangxz/SeaDinner/bot/update_mute.go:26.2,26.119 1 4
github.com/aaronangxz/SeaDinner/bot/update_mute.go:30.2,31.30 2 4
github.com/aaronangxz/SeaDinner/bot/update_mute.go:20.26,24.3 3 2
github.com/aaronangxz/SeaDinner/bot/update_mute.go:26.119,29.3 2 0
github.com/aaronangxz/SeaDinner/bot/cancel_order.go:13.64,22.9 5 0
github.com/aaronangxz/SeaDinner/bot/cancel_order.go:26.2,36.16 4 0
github.com/aaronangxz/SeaDinner/bot/cancel_order.go:41.2,41.33 1 0
github.com/aaronangxz/SeaDinner/bot/cancel_order.go:46.2,46.26 1 0
github.com/aaronangxz/SeaDinner/bot/cancel_order.go:50.2,51.49 2 0
github.com/aaronangxz/SeaDinner/bot/cancel_order.go:22.9,24.3 1 0
github.com/aaronangxz/SeaDinner/bot/cancel_order.go:36.16,39.3 2 0
github.com/aaronangxz/SeaDinner/bot/cancel_order.go:41.33,44.3 2 0
github.com/aaronangxz/SeaDinner/bot/cancel_order.go:46.26,49.3 2 0
github.com/aaronangxz/SeaDinner/bot/delete_check_in_link.go:14.45,20.14 4 0
github.com/aaronangxz/SeaDinner/bot/delete_check_in_link.go:25.2,25.31 1 0
github.com/aaronangxz/SeaDinner/bot/delete_check_in_link.go:42.2,45.73 2 0
github.com/aaronangxz/SeaDinner/bot/delete_check_in_link.go:20.14,23.3 2 0
github.com/aaronangxz/SeaDinner/bot/delete_check_in_link.go:25.31,32.17 5 0
github.com/aaronangxz/SeaDinner/bot/delete_check_in_link.go:35.3,38.40 4 0
github.com/aaronangxz/SeaDinner/bot/delete_check_in_link.go:32.17,34.4 1 0
github.com/aaronangxz/SeaDinner/bot/delete_check_in_link.go:38.40,40.4 1 0
github.com/aaronangxz/SeaDinner/bot/delete_check_in_link.go:45.73,47.3 1 0
github.com/aaronangxz/SeaDinner/bot/delete_check_in_link.go:47.8,49.3 1 0
github.com/aaronangxz/SeaDinner/bot/generate_weekly_result_table.go:12.94,27.27 8 0
github.com/aaronangxz/SeaDinner/bot/generate_weekly_result_table.go:37.2,39.42 3 0
github.com/aaronangxz/SeaDinner/bot/generate_weekly_result_table.go:27.27,30.37 2 0
github.com/aaronangxz/SeaDinner/bot/generate_weekly_result_table.go:35.3,35.129 1 0
github.com/aaronangxz/SeaDinner/bot/generate_weekly_result_table.go:30.37,32.4 1 0
github.com/aaronangxz/SeaDinner/bot/generate_weekly_result_table.go:32.9,34.4 1 0
github.com/aaronangxz/SeaDinner/bot/list_weekly_result_by_user_id.go:12.69,19.29 4 0
github.com/aaronangxz/SeaDinner/bot/list_weekly_result_by_user_id.go:24.2,26.13 2 0
github.com/aaronangxz/SeaDinner/bot/list_weekly_result_by_user_id.go:31.2,31.155 1 0
github.com/aaronangxz/SeaDinner/bot/list_weekly_result_by_user_id.go:36.2,36.16 1 0
github.com/aaronangxz/SeaDinner/bot/list_weekly_result_by_user_id.go:39.2,40.44 2 0
github.com/aaronangxz/SeaDinner/bot/list_weekly_result_by_user_id.go:19.29,22.3 2 0
github.com/aaronangxz/SeaDinner/bot/list_weekly_result_by_user_id.go:26.13,29.3 2 0
github.com/aaronangxz/SeaDinner/bot/list_weekly_result_by_user_id.go:31.155,34.3 2 0
github.com/aaronangxz/SeaDinner/bot/list_weekly_result_by_user_id.go:36.16,38.3 1 0
github.com/aaronangxz/SeaDinner/bot/make_help_response.go:6.32,29.2 3 0
github.com/aaronangxz/SeaDinner/bot/batch_get_user_choice_with_key.go:13.95,22.19 6 2
github.com/aaronangxz/SeaDinner/bot/batch_get_user_choice_with_key.go:33.2,38.69 5 2
github.com/aaronangxz/SeaDinner/bot/batch_get_user_choice_with_key.go:42.2,43.20 2 2
github.com/aaronangxz/SeaDinner/bot/batch_get_user_choice_with_key.go:22.19,24.16 1 20
github.com/aaronangxz/SeaDinner/bot/batch_get_user_choice_with_key.go:27.3,27.18 1 18
github.com/aaronangxz/SeaDinner/bot/batch_get_user_choice_with_key.go:31.3,31.22 1 16
github.com/aaronangxz/SeaDinner/bot/batch_get_user_choice_with_key.go:24.16,25.12 1 2
github.com/aaronangxz/SeaDinner/bot/batch_get_user_choice_with_key.go:27.18,29.12 2 2
github.com/aaronangxz/SeaDinner/bot/batch_get_user_choice_with_key.go:38.69,41.3 2 0
github.com/aaronangxz/SeaDinner/bot/check_chope.go:13.63,22.13 4 6
github.com/aaronangxz/SeaDinner/bot/check_chope.go:27.2,27.29 1 5
github.com/aaronangxz/SeaDinner/bot/check_chope.go:31.2,31.125 1 5
github.com/aaronangxz/SeaDinner/bot/check_chope.go:34.2,34.38 1 5
github.com/aaronangxz/SeaDinner/bot/check_chope.go:46.2,50.9 3 3
github.com/aaronangxz/SeaDinner/bot/check_chope.go:54.2,54.46 1 2
github.com/aaronangxz/SeaDinner/bot/check_chope.go:57.2,57.149 1 1
github.com/aaronangxz/SeaDinner/bot/check_chope.go:22.13,25.3 2 1
github.com/aaronangxz/SeaDinner/bot/check_chope.go:27.29,29.3 1 0
github.com/aaronangxz/SeaDinner/bot/check_chope.go:31.125,33.3 1 0
github.com/aaronangxz/SeaDinner/bot/check_chope.go:34.38,36.3 1 1
github.com/aaronangxz/SeaDinner/bot/check_chope.go:36.8,36.51 1 4
github.com/aaronangxz/SeaDinner/bot/check_chope.go:36.51,39.66 2 1
github.com/aaronangxz/SeaDinner/bot/check_chope.go:44.3,44.126 1 1
github.com/aaronangxz/SeaDinner/bot/check_chope.go:39.66,40.46 1 1
github.com/aaronangxz/SeaDinner/bot/check_chope.go:40.46,42.5 1 1
github.com/aaronangxz/SeaDinner/bot/check_chope.go:50.9,52.3 1 1
github.com/aaronangxz/SeaDinner/bot/check_chope.go:54.46,56.3 1 1
github.com/aaronangxz/SeaDinner/bot/check_mute.go:12.89,20.111 4 3
github.com/aaronangxz/SeaDinner/bot/check_mute.go:25.2,25.16 1 3
github.com/aaronangxz/SeaDinner/bot/check_mute.go:30.2,30.68 1 2
github.com/aaronangxz/SeaDinner/bot/check_mute.go:37.2,41.83 5 1
github.com/aaronangxz/SeaDinner/bot/check_mute.go:20.111,23.3 2 0
github.com/aaronangxz/SeaDinner/bot/check_mute.go:25.16,28.3 2 1
github.com/aaronangxz/SeaDinner/bot/check_mute.go:30.68,36.3 5 1
github.com/aaronangxz/SeaDinner/bot/get_key.go:17.51,26.13 4 3
github.com/aaronangxz/SeaDinner/bot/get_key.go:32.2,33.21 2 3
github.com/aaronangxz/SeaDinner/bot/get_key.go:51.2,51.122 1 2
github.com/aaronangxz/SeaDinner/bot/get_key.go:57.2,58.16 2 1
github.com/aaronangxz/SeaDinner/bot/get_key.go:62.2,62.81 1 1
github.com/aaronangxz/SeaDinner/bot/get_key.go:67.2,68.36 2 1
github.com/aaronangxz/SeaDinner/bot/get_key.go:26.13,29.3 2 0
github.com/aaronangxz/SeaDinner/bot/get_key.go:33.21,34.28 1 2
github.com/aaronangxz/SeaDinner/bot/get_key.go:34.28,36.4 1 2
github.com/aaronangxz/SeaDinner/bot/get_key.go:36.9,38.4 1 0
github.com/aaronangxz/SeaDinner/bot/get_key.go:39.8,42.17 3 1
github.com/aaronangxz/SeaDinner/bot/get_key.go:42.17,44.4 1 0
github.com/aaronangxz/SeaDinner/bot/get_key.go:44.9,47.4 2 1
github.com/aaronangxz/SeaDinner/bot/get_key.go:51.122,54.3 2 1
github.com/aaronangxz/SeaDinner/bot/get_key.go:58.16,60.3 1 0
github.com/aaronangxz/SeaDinner/bot/get_key.go:62.81,64.3 1 0
github.com/aaronangxz/SeaDinner/bot/get_key.go:64.8,66.3 1 1
github.com/aaronangxz/SeaDinner/bot/send_notifications.go:15.45,23.16 5 0
github.com/aaronangxz/SeaDinner/bot/send_notifications.go:26.2,33.24 6 0
github.com/aaronangxz/SeaDinner/bot/send_notifications.go:23.16,25.3 1 0
github.com/aaronangxz/SeaDinner/bot/send_notifications.go:33.24,34.69 1 0
github.com/aaronangxz/SeaDinner/bot/send_notifications.go:40.3,40.78 1 0
github.com/aaronangxz/SeaDinner/bot/send_notifications.go:34.69,36.4 1 0
github.com/aaronangxz/SeaDinner/bot/send_notifications.go:36.9,38.4 1 0
github.com/aaronangxz/SeaDinner/bot/send_notifications.go:40.78,42.4 1 0
github.com/aaronangxz/SeaDinner/bot/send_reminder.go:14.40,19.16 4 0
github.com/aaronangxz/SeaDinner/bot/send_reminder.go:22.2,31.24 7 0
github.com/aaronangxz/SeaDinner/bot/send_reminder.go:97.2,97.41 1 0
github.com/aaronangxz/SeaDinner/bot/send_reminder.go:19.16,21.3 1 0
github.com/aaronangxz/SeaDinner/bot/send_reminder.go:31.24,41.35 3 0
github.com/aaronangxz/SeaDinner/bot/send_reminder.go:92.3,93.42 2 0
github.com/aaronangxz/SeaDinner/bot/send_reminder.go:41.35,51.4 8 0
github.com/aaronangxz/SeaDinner/bot/send_reminder.go:51.9,53.33 1 0
github.com/aaronangxz/SeaDinner/bot/send_reminder.go:58.4,59.11 2 0
github.com/aaronangxz/SeaDinner/bot/send_reminder.go:53.33,55.13 2 0
github.com/aaronangxz/SeaDinner/bot/send_reminder.go:59.11,61.5 1 0
github.com/aaronangxz/SeaDinner/bot/send_reminder.go:61.10,62.34 1 0
github.com/aaronangxz/SeaDinner/bot/send_reminder.go:62.34,64.68 1 0
github.com/aaronangxz/SeaDinner/bot/send_reminder.go:77.6,77.37 1 0
github.com/aaronangxz/SeaDinner/bot/send_reminder.go:82.6,88.26 7 0
github.com/aaronangxz/SeaDinner/bot/send_reminder.go:64.68,66.38 2 0
github.com/aaronangxz/SeaDinner/bot/send_reminder.go:66.38,68.8 1 0
github.com/aaronangxz/SeaDinner/bot/send_reminder.go:69.12,71.38 2 0
github.com/aaronangxz/SeaDinner/bot/send_reminder.go:71.38,73.8 1 0
github.com/aaronangxz/SeaDinner/bot/send_reminder.go:77.37,80.7 2 0
github.com/aaronangxz/SeaDinner/bot/send_reminder.go:93.42,95.4 1 0
github.com/aaronangxz/SeaDinner/bot/update_chope.go:18.74,32.13 4 14
github.com/aaronangxz/SeaDinner/bot/update_chope.go:38.2,38.107 1 13
github.com/aaronangxz/SeaDinner/bot/update_chope.go:42.2,42.31 1 13
github.com/aaronangxz/SeaDinner/bot/update_chope.go:50.2,52.17 2 11
github.com/aaronangxz/SeaDinner/bot/update_chope.go:85.2,86.9 2 8
github.com/aaronangxz/SeaDinner/bot/update_chope.go:91.2,91.125 1 7
github.com/aaronangxz/SeaDinner/bot/update_chope.go:95.2,95.34 1 7
github.com/aaronangxz/SeaDinner/bot/update_chope.go:118.2,118.150 1 7
github.com/aaronangxz/SeaDinner/bot/update_chope.go:124.2,124.15 1 7
github.com/aaronangxz/SeaDinner/bot/update_chope.go:128.2,128.17 1 5
github.com/aaronangxz/SeaDinner/bot/update_chope.go:133.2,133.58 1 3
github.com/aaronangxz/SeaDinner/bot/update_chope.go:142.2,142.89 1 3
github.com/aaronangxz/SeaDinner/bot/update_chope.go:32.13,35.3 2 1
github.com/aaronangxz/SeaDinner/bot/update_chope.go:38.107,40.3 1 0
github.com/aaronangxz/SeaDinner/bot/update_chope.go:42.31,44.33 1 7
github.com/aaronangxz/SeaDinner/bot/update_chope.go:44.33,47.4 2 2
github.com/aaronangxz/SeaDinner/bot/update_chope.go:52.17,56.22 2 3
github.com/aaronangxz/SeaDinner/bot/update_chope.go:65.3,65.16 1 3
github.com/aaronangxz/SeaDinner/bot/update_chope.go:70.3,70.153 1 3
github.com/aaronangxz/SeaDinner/bot/update_chope.go:75.3,75.18 1 3
github.com/aaronangxz/SeaDinner/bot/update_chope.go:79.3,79.20 1 2
github.com/aaronangxz/SeaDinner/bot/update_chope.go:82.3,82.75 1 1
github.com/aaronangxz/SeaDinner/bot/update_chope.go:56.22,57.29 1 0
github.com/aaronangxz/SeaDinner/bot/update_chope.go:62.4,62.82 1 0
github.com/aaronangxz/SeaDinner/bot/update_chope.go:57.29,59.5 1 0
github.com/aaronangxz/SeaDinner/bot/update_chope.go:59.10,61.5 1 0
github.com/aaronangxz/SeaDinner/bot/update_chope.go:65.16,68.4 2 0
github.com/aaronangxz/SeaDinner/bot/update_chope.go:70.153,73.4 2 0
github.com/aaronangxz/SeaDinner/bot/update_chope.go:75.18,77.4 1 1
github.com/aaronangxz/SeaDinner/bot/update_chope.go:79.20,81.4 1 1
github.com/aaronangxz/SeaDinner/bot/update_chope.go:86.9,89.3 2 1
github.com/aaronangxz/SeaDinner/bot/update_chope.go:91.125,94.3 2 0
github.com/aaronangxz/SeaDinner/bot/update_chope.go:95.34,96.89 1 0
github.com/aaronangxz/SeaDinner/bot/update_chope.go:102.3,102.16 1 0
github.com/aaronangxz/SeaDinner/bot/update_chope.go:106.3,106.18 1 0
github.com/aaronangxz/SeaDinner/bot/update_chope.go:111.3,111.59 1 0
github.com/aaronangxz/SeaDinner/bot/update_chope.go:115.3,115.90 1 0
github.com/aaronangxz/SeaDinner/bot/update_chope.go:96.89,99.4 2 0
github.com/aaronangxz/SeaDinner/bot/update_chope.go:102.16,104.4 1 0
github.com/aaronangxz/SeaDinner/bot/update_chope.go:106.18,108.4 1 0
github.com/aaronangxz/SeaDinner/bot/update_chope.go:111.59,113.4 1 0
github.com/aaronangxz/SeaDinner/bot/update_chope.go:118.150,121.3 2 0
github.com/aaronangxz/SeaDinner/bot/update_chope.go:124.15,126.3 1 2
github.com/aaronangxz/SeaDinner/bot/update_chope.go:128.17,130.3 1 2
github.com/aaronangxz/SeaDinner/bot/update_chope.go:133.58,135.143 1 0
github.com/aaronangxz/SeaDinner/bot/update_chope.go:140.3,140.87 1 0
github.com/aaronangxz/SeaDinner/bot/update_chope.go:135.143,137.4 1 0
github.com/aaronangxz/SeaDinner/bot/update_chope.go:137.9,139.4 1 0
github.com/aaronangxz/SeaDinner/bot/util.go:11.61,20.35 6 16
github.com/aaronangxz/SeaDinner/bot/util.go:24.2,26.16 3 16
github.com/aaronangxz/SeaDinner/bot/util.go:20.35,22.3 1 128
github.com/aaronangxz/SeaDinner/bot/util.go:30.61,39.35 6 0
github.com/aaronangxz/SeaDinner/bot/util.go:42.2,43.16 2 0
github.com/aaronangxz/SeaDinner/bot/util.go:39.35,41.3 1 0
github.com/aaronangxz/SeaDinner/bot/batch_get_latest_result.go:11.74,22.32 4 0
github.com/aaronangxz/SeaDinner/bot/batch_get_latest_result.go:26.2,27.12 2 0
github.com/aaronangxz/SeaDinner/bot/batch_get_latest_result.go:22.32,25.3 2 0
github.com/aaronangxz/SeaDinner/bot/callback_query_handler.go:11.107,17.23 4 0
github.com/aaronangxz/SeaDinner/bot/callback_query_handler.go:29.2,29.44 1 0
github.com/aaronangxz/SeaDinner/bot/callback_query_handler.go:18.14,19.14 1 0
github.com/aaronangxz/SeaDinner/bot/callback_query_handler.go:20.16,21.44 1 0
github.com/aaronangxz/SeaDinner/bot/callback_query_handler.go:22.23,23.18 1 0
github.com/aaronangxz/SeaDinner/bot/callback_query_handler.go:24.16,25.30 1 0
github.com/aaronangxz/SeaDinner/bot/callback_query_handler.go:26.14,27.32 1 0
github.com/aaronangxz/SeaDinner/bot/check_key.go:18.61,27.13 4 3
github.com/aaronangxz/SeaDinner/bot/check_key.go:33.2,34.21 2 3
github.com/aaronangxz/SeaDinner/bot/check_key.go:54.2,54.122 1 2
github.com/aaronangxz/SeaDinner/bot/check_key.go:59.2,60.16 2 1
github.com/aaronangxz/SeaDinner/bot/check_key.go:64.2,64.81 1 1
github.com/aaronangxz/SeaDinner/bot/check_key.go:69.2,71.171 3 1
github.com/aaronangxz/SeaDinner/bot/check_key.go:27.13,30.3 2 0
github.com/aaronangxz/SeaDinner/bot/check_key.go:34.21,35.28 1 2
github.com/aaronangxz/SeaDinner/bot/check_key.go:35.28,37.4 1 2
github.com/aaronangxz/SeaDinner/bot/check_key.go:37.9,39.4 1 0
github.com/aaronangxz/SeaDinner/bot/check_key.go:40.8,43.17 3 1
github.com/aaronangxz/SeaDinner/bot/check_key.go:43.17,45.4 1 0
github.com/aaronangxz/SeaDinner/bot/check_key.go:45.9,50.4 4 1
github.com/aaronangxz/SeaDinner/bot/check_key.go:54.122,57.3 1 1
github.com/aaronangxz/SeaDinner/bot/check_key.go:60.16,62.3 1 0
github.com/aaronangxz/SeaDinner/bot/check_key.go:64.81,66.3 1 0
github.com/aaronangxz/SeaDinner/bot/check_key.go:66.8,68.3 1 1
github.com/aaronangxz/SeaDinner/bot/send_check_in_link.go:13.43,24.16 5 0
github.com/aaronangxz/SeaDinner/bot/send_check_in_link.go:29.2,31.16 3 0
github.com/aaronangxz/SeaDinner/bot/send_check_in_link.go:34.2,37.30 3 0
github.com/aaronangxz/SeaDinner/bot/send_check_in_link.go:24.16,27.3 2 0
github.com/aaronangxz/SeaDinner/bot/send_check_in_link.go:31.16,33.3 1 0
github.com/aaronangxz/SeaDinner/bot/send_check_in_link.go:37.30,46.49 7 0
github.com/aaronangxz/SeaDinner/bot/send_check_in_link.go:46.49,48.4 1 0
github.com/aaronangxz/SeaDinner/bot/send_check_in_link.go:48.9,51.85 2 0
github.com/aaronangxz/SeaDinner/bot/send_check_in_link.go:51.85,53.5 1 0
github.com/aaronangxz/SeaDinner/bot/send_check_in_link.go:53.10,55.5 1 0
github.com/aaronangxz/SeaDinner/bot/update_key.go:17.72,34.13 5 4
github.com/aaronangxz/SeaDinner/bot/update_key.go:39.2,39.13 1 4
github.com/aaronangxz/SeaDinner/bot/update_key.go:44.2,44.18 1 3
github.com/aaronangxz/SeaDinner/bot/update_key.go:49.2,49.122 1 2
github.com/aaronangxz/SeaDinner/bot/update_key.go:53.2,53.34 1 2
github.com/aaronangxz/SeaDinner/bot/update_key.go:61.2,61.152 1 1
github.com/aaronangxz/SeaDinner/bot/update_key.go:67.2,67.73 1 1
github.com/aaronangxz/SeaDinner/bot/update_key.go:70.2,72.67 2 1
github.com/aaronangxz/SeaDinner/bot/update_key.go:34.13,37.3 2 0
github.com/aaronangxz/SeaDinner/bot/update_key.go:39.13,42.3 2 1
github.com/aaronangxz/SeaDinner/bot/update_key.go:44.18,47.3 2 1
github.com/aaronangxz/SeaDinner/bot/update_key.go:49.122,52.3 2 0
github.com/aaronangxz/SeaDinner/bot/update_key.go:53.34,54.86 1 1
github.com/aaronangxz/SeaDinner/bot/update_key.go:58.3,58.136 1 1
github.com/aaronangxz/SeaDinner/bot/update_key.go:54.86,57.4 2 0
github.com/aaronangxz/SeaDinner/bot/update_key.go:61.152,64.3 2 0
github.com/aaronangxz/SeaDinner/bot/update_key.go:67.73,69.3 1 0
