mode: atomic
github.com/aaronangxz/SeaDinner/Bot/handlers.go:18.30,25.13 2 3
github.com/aaronangxz/SeaDinner/Bot/handlers.go:31.2,32.21 2 3
github.com/aaronangxz/SeaDinner/Bot/handlers.go:50.2,50.126 1 2
github.com/aaronangxz/SeaDinner/Bot/handlers.go:55.2,56.16 2 1
github.com/aaronangxz/SeaDinner/Bot/handlers.go:60.2,60.81 1 1
github.com/aaronangxz/SeaDinner/Bot/handlers.go:66.2,66.36 1 1
github.com/aaronangxz/SeaDinner/Bot/handlers.go:25.13,28.3 2 0
github.com/aaronangxz/SeaDinner/Bot/handlers.go:32.21,33.28 1 2
github.com/aaronangxz/SeaDinner/Bot/handlers.go:33.28,35.4 1 2
github.com/aaronangxz/SeaDinner/Bot/handlers.go:35.9,37.4 1 0
github.com/aaronangxz/SeaDinner/Bot/handlers.go:38.8,41.17 3 1
github.com/aaronangxz/SeaDinner/Bot/handlers.go:41.17,43.4 1 0
github.com/aaronangxz/SeaDinner/Bot/handlers.go:43.9,46.4 2 1
github.com/aaronangxz/SeaDinner/Bot/handlers.go:50.126,52.3 1 1
github.com/aaronangxz/SeaDinner/Bot/handlers.go:56.16,58.3 1 0
github.com/aaronangxz/SeaDinner/Bot/handlers.go:60.81,62.3 1 0
github.com/aaronangxz/SeaDinner/Bot/handlers.go:62.8,64.3 1 1
github.com/aaronangxz/SeaDinner/Bot/handlers.go:71.40,78.13 2 3
github.com/aaronangxz/SeaDinner/Bot/handlers.go:84.2,85.21 2 3
github.com/aaronangxz/SeaDinner/Bot/handlers.go:103.2,103.126 1 2
github.com/aaronangxz/SeaDinner/Bot/handlers.go:78.13,81.3 2 0
github.com/aaronangxz/SeaDinner/Bot/handlers.go:85.21,86.28 1 2
github.com/aaronangxz/SeaDinner/Bot/handlers.go:86.28,88.4 1 2
github.com/aaronangxz/SeaDinner/Bot/handlers.go:88.9,90.4 1 0
github.com/aaronangxz/SeaDinner/Bot/handlers.go:91.8,94.17 3 1
github.com/aaronangxz/SeaDinner/Bot/handlers.go:94.17,96.4 1 0
github.com/aaronangxz/SeaDinner/Bot/handlers.go:96.9,99.4 2 1
github.com/aaronangxz/SeaDinner/Bot/handlers.go:103.126,105.3 1 1
github.com/aaronangxz/SeaDinner/Bot/handlers.go:105.8,108.17 2 1
github.com/aaronangxz/SeaDinner/Bot/handlers.go:112.3,112.82 1 1
github.com/aaronangxz/SeaDinner/Bot/handlers.go:118.3,118.151 1 1
github.com/aaronangxz/SeaDinner/Bot/handlers.go:108.17,110.4 1 0
github.com/aaronangxz/SeaDinner/Bot/handlers.go:112.82,114.4 1 0
github.com/aaronangxz/SeaDinner/Bot/handlers.go:114.9,116.4 1 1
github.com/aaronangxz/SeaDinner/Bot/handlers.go:124.51,138.13 3 4
github.com/aaronangxz/SeaDinner/Bot/handlers.go:143.2,143.13 1 4
github.com/aaronangxz/SeaDinner/Bot/handlers.go:148.2,148.18 1 3
github.com/aaronangxz/SeaDinner/Bot/handlers.go:153.2,153.122 1 2
github.com/aaronangxz/SeaDinner/Bot/handlers.go:138.13,141.3 2 0
github.com/aaronangxz/SeaDinner/Bot/handlers.go:143.13,146.3 2 1
github.com/aaronangxz/SeaDinner/Bot/handlers.go:148.18,151.3 2 1
github.com/aaronangxz/SeaDinner/Bot/handlers.go:153.122,156.3 2 0
github.com/aaronangxz/SeaDinner/Bot/handlers.go:156.8,157.35 1 2
github.com/aaronangxz/SeaDinner/Bot/handlers.go:165.3,165.153 1 1
github.com/aaronangxz/SeaDinner/Bot/handlers.go:171.3,171.74 1 1
github.com/aaronangxz/SeaDinner/Bot/handlers.go:174.3,176.68 2 1
github.com/aaronangxz/SeaDinner/Bot/handlers.go:157.35,158.91 1 1
github.com/aaronangxz/SeaDinner/Bot/handlers.go:162.4,162.61 1 1
github.com/aaronangxz/SeaDinner/Bot/handlers.go:158.91,161.5 2 0
github.com/aaronangxz/SeaDinner/Bot/handlers.go:165.153,168.4 2 0
github.com/aaronangxz/SeaDinner/Bot/handlers.go:171.74,173.4 1 0
github.com/aaronangxz/SeaDinner/Bot/handlers.go:181.42,186.13 2 5
github.com/aaronangxz/SeaDinner/Bot/handlers.go:191.2,191.125 1 4
github.com/aaronangxz/SeaDinner/Bot/handlers.go:186.13,189.3 2 1
github.com/aaronangxz/SeaDinner/Bot/handlers.go:191.125,193.3 1 0
github.com/aaronangxz/SeaDinner/Bot/handlers.go:193.8,194.39 1 4
github.com/aaronangxz/SeaDinner/Bot/handlers.go:199.3,203.10 3 2
github.com/aaronangxz/SeaDinner/Bot/handlers.go:206.3,206.150 1 1
github.com/aaronangxz/SeaDinner/Bot/handlers.go:194.39,196.4 1 1
github.com/aaronangxz/SeaDinner/Bot/handlers.go:196.9,196.52 1 3
github.com/aaronangxz/SeaDinner/Bot/handlers.go:196.52,198.4 1 1
github.com/aaronangxz/SeaDinner/Bot/handlers.go:203.10,205.4 1 1
github.com/aaronangxz/SeaDinner/Bot/handlers.go:212.50,223.13 2 7
github.com/aaronangxz/SeaDinner/Bot/handlers.go:229.2,229.107 1 6
github.com/aaronangxz/SeaDinner/Bot/handlers.go:233.2,233.31 1 6
github.com/aaronangxz/SeaDinner/Bot/handlers.go:240.2,243.9 3 4
github.com/aaronangxz/SeaDinner/Bot/handlers.go:248.2,248.125 1 3
github.com/aaronangxz/SeaDinner/Bot/handlers.go:223.13,226.3 2 1
github.com/aaronangxz/SeaDinner/Bot/handlers.go:229.107,231.3 1 0
github.com/aaronangxz/SeaDinner/Bot/handlers.go:233.31,235.18 1 2
github.com/aaronangxz/SeaDinner/Bot/handlers.go:235.18,238.4 2 2
github.com/aaronangxz/SeaDinner/Bot/handlers.go:243.9,246.3 2 1
github.com/aaronangxz/SeaDinner/Bot/handlers.go:248.125,251.3 2 0
github.com/aaronangxz/SeaDinner/Bot/handlers.go:251.8,252.35 1 3
github.com/aaronangxz/SeaDinner/Bot/handlers.go:275.3,275.151 1 3
github.com/aaronangxz/SeaDinner/Bot/handlers.go:281.3,281.16 1 3
github.com/aaronangxz/SeaDinner/Bot/handlers.go:285.3,285.18 1 2
github.com/aaronangxz/SeaDinner/Bot/handlers.go:290.3,290.59 1 2
github.com/aaronangxz/SeaDinner/Bot/handlers.go:294.3,294.89 1 0
github.com/aaronangxz/SeaDinner/Bot/handlers.go:252.35,253.94 1 0
github.com/aaronangxz/SeaDinner/Bot/handlers.go:259.4,259.17 1 0
github.com/aaronangxz/SeaDinner/Bot/handlers.go:263.4,263.19 1 0
github.com/aaronangxz/SeaDinner/Bot/handlers.go:268.4,268.60 1 0
github.com/aaronangxz/SeaDinner/Bot/handlers.go:272.4,272.90 1 0
github.com/aaronangxz/SeaDinner/Bot/handlers.go:253.94,256.5 2 0
github.com/aaronangxz/SeaDinner/Bot/handlers.go:259.17,261.5 1 0
github.com/aaronangxz/SeaDinner/Bot/handlers.go:263.19,265.5 1 0
github.com/aaronangxz/SeaDinner/Bot/handlers.go:268.60,270.5 1 0
github.com/aaronangxz/SeaDinner/Bot/handlers.go:275.151,278.4 2 0
github.com/aaronangxz/SeaDinner/Bot/handlers.go:281.16,283.4 1 1
github.com/aaronangxz/SeaDinner/Bot/handlers.go:285.18,287.4 1 0
github.com/aaronangxz/SeaDinner/Bot/handlers.go:290.59,292.4 1 2
github.com/aaronangxz/SeaDinner/Bot/handlers.go:301.47,306.13 2 0
github.com/aaronangxz/SeaDinner/Bot/handlers.go:311.2,311.254 1 0
github.com/aaronangxz/SeaDinner/Bot/handlers.go:316.2,316.23 1 0
github.com/aaronangxz/SeaDinner/Bot/handlers.go:320.2,322.51 2 0
github.com/aaronangxz/SeaDinner/Bot/handlers.go:325.2,325.77 1 0
github.com/aaronangxz/SeaDinner/Bot/handlers.go:306.13,309.3 2 0
github.com/aaronangxz/SeaDinner/Bot/handlers.go:311.254,314.3 2 0
github.com/aaronangxz/SeaDinner/Bot/handlers.go:316.23,318.3 1 0
github.com/aaronangxz/SeaDinner/Bot/handlers.go:322.51,324.3 1 0
github.com/aaronangxz/SeaDinner/Bot/handlers.go:329.48,336.13 3 0
github.com/aaronangxz/SeaDinner/Bot/handlers.go:341.2,341.155 1 0
github.com/aaronangxz/SeaDinner/Bot/handlers.go:346.2,346.16 1 0
github.com/aaronangxz/SeaDinner/Bot/handlers.go:349.2,349.39 1 0
github.com/aaronangxz/SeaDinner/Bot/handlers.go:336.13,339.3 2 0
github.com/aaronangxz/SeaDinner/Bot/handlers.go:341.155,344.3 2 0
github.com/aaronangxz/SeaDinner/Bot/handlers.go:346.16,348.3 1 0
github.com/aaronangxz/SeaDinner/Bot/handlers.go:353.72,360.27 7 0
github.com/aaronangxz/SeaDinner/Bot/handlers.go:363.2,364.23 2 0
github.com/aaronangxz/SeaDinner/Bot/handlers.go:360.27,362.3 1 0
github.com/aaronangxz/SeaDinner/Bot/handlers.go:368.54,377.32 2 0
github.com/aaronangxz/SeaDinner/Bot/handlers.go:381.2,382.12 2 0
github.com/aaronangxz/SeaDinner/Bot/handlers.go:377.32,380.3 2 0
github.com/aaronangxz/SeaDinner/Bot/handlers.go:387.26,392.16 3 0
github.com/aaronangxz/SeaDinner/Bot/handlers.go:395.2,402.24 6 0
github.com/aaronangxz/SeaDinner/Bot/handlers.go:392.16,394.3 1 0
github.com/aaronangxz/SeaDinner/Bot/handlers.go:402.24,403.50 1 0
github.com/aaronangxz/SeaDinner/Bot/handlers.go:409.3,409.78 1 0
github.com/aaronangxz/SeaDinner/Bot/handlers.go:403.50,405.4 1 0
github.com/aaronangxz/SeaDinner/Bot/handlers.go:405.9,407.4 1 0
github.com/aaronangxz/SeaDinner/Bot/handlers.go:409.78,411.4 1 0
github.com/aaronangxz/SeaDinner/Bot/handlers.go:416.41,420.92 2 0
github.com/aaronangxz/SeaDinner/Bot/handlers.go:424.2,426.12 3 0
github.com/aaronangxz/SeaDinner/Bot/handlers.go:420.92,423.3 2 0
github.com/aaronangxz/SeaDinner/Bot/handlers.go:430.21,432.16 2 0
github.com/aaronangxz/SeaDinner/Bot/handlers.go:435.2,443.24 6 0
github.com/aaronangxz/SeaDinner/Bot/handlers.go:432.16,434.3 1 0
github.com/aaronangxz/SeaDinner/Bot/handlers.go:443.24,444.32 1 0
github.com/aaronangxz/SeaDinner/Bot/handlers.go:448.3,450.10 3 0
github.com/aaronangxz/SeaDinner/Bot/handlers.go:462.3,462.78 1 0
github.com/aaronangxz/SeaDinner/Bot/handlers.go:444.32,446.12 2 0
github.com/aaronangxz/SeaDinner/Bot/handlers.go:450.10,452.4 1 0
github.com/aaronangxz/SeaDinner/Bot/handlers.go:452.9,453.33 1 0
github.com/aaronangxz/SeaDinner/Bot/handlers.go:453.33,455.67 1 0
github.com/aaronangxz/SeaDinner/Bot/handlers.go:455.67,457.6 1 0
github.com/aaronangxz/SeaDinner/Bot/handlers.go:457.11,459.6 1 0
github.com/aaronangxz/SeaDinner/Bot/handlers.go:462.78,464.4 1 0
github.com/aaronangxz/SeaDinner/Bot/handlers.go:469.42,475.35 4 6
github.com/aaronangxz/SeaDinner/Bot/handlers.go:479.2,481.16 2 6
github.com/aaronangxz/SeaDinner/Bot/handlers.go:475.35,477.3 1 72
github.com/aaronangxz/SeaDinner/Bot/handlers.go:485.42,491.35 4 0
github.com/aaronangxz/SeaDinner/Bot/handlers.go:494.2,494.16 1 0
github.com/aaronangxz/SeaDinner/Bot/handlers.go:491.35,493.3 1 0
github.com/aaronangxz/SeaDinner/Bot/handlers.go:498.86,501.2 2 0
github.com/aaronangxz/SeaDinner/Bot/models.go:10.37,11.33 1 0
github.com/aaronangxz/SeaDinner/Bot/models.go:14.2,14.10 1 0
github.com/aaronangxz/SeaDinner/Bot/models.go:11.33,13.3 1 0
github.com/aaronangxz/SeaDinner/Bot/models.go:17.39,18.34 1 2
github.com/aaronangxz/SeaDinner/Bot/models.go:21.2,21.11 1 0
github.com/aaronangxz/SeaDinner/Bot/models.go:18.34,20.3 1 2
github.com/aaronangxz/SeaDinner/Bot/models.go:24.36,25.32 1 0
github.com/aaronangxz/SeaDinner/Bot/models.go:28.2,28.10 1 0
github.com/aaronangxz/SeaDinner/Bot/models.go:25.32,27.3 1 0
github.com/aaronangxz/SeaDinner/Bot/models.go:30.36,31.32 1 2
github.com/aaronangxz/SeaDinner/Bot/models.go:34.2,34.10 1 0
github.com/aaronangxz/SeaDinner/Bot/models.go:31.32,33.3 1 2
github.com/aaronangxz/SeaDinner/Bot/models.go:44.40,45.33 1 0
github.com/aaronangxz/SeaDinner/Bot/models.go:48.2,48.10 1 0
github.com/aaronangxz/SeaDinner/Bot/models.go:45.33,47.3 1 0
github.com/aaronangxz/SeaDinner/Bot/models.go:51.45,52.37 1 7
github.com/aaronangxz/SeaDinner/Bot/models.go:55.2,55.11 1 0
github.com/aaronangxz/SeaDinner/Bot/models.go:52.37,54.3 1 7
github.com/aaronangxz/SeaDinner/Bot/models.go:58.39,59.32 1 0
github.com/aaronangxz/SeaDinner/Bot/models.go:62.2,62.10 1 0
github.com/aaronangxz/SeaDinner/Bot/models.go:59.32,61.3 1 0
github.com/aaronangxz/SeaDinner/Bot/models.go:64.39,65.32 1 0
github.com/aaronangxz/SeaDinner/Bot/models.go:68.2,68.10 1 0
github.com/aaronangxz/SeaDinner/Bot/models.go:65.32,67.3 1 0
github.com/aaronangxz/SeaDinner/Bot/models.go:80.37,81.33 1 0
github.com/aaronangxz/SeaDinner/Bot/models.go:84.2,84.10 1 0
github.com/aaronangxz/SeaDinner/Bot/models.go:81.33,83.3 1 0
github.com/aaronangxz/SeaDinner/Bot/models.go:87.38,88.33 1 0
github.com/aaronangxz/SeaDinner/Bot/models.go:91.2,91.11 1 0
github.com/aaronangxz/SeaDinner/Bot/models.go:88.33,90.3 1 0
github.com/aaronangxz/SeaDinner/Bot/models.go:94.40,95.36 1 0
github.com/aaronangxz/SeaDinner/Bot/models.go:98.2,98.10 1 0
github.com/aaronangxz/SeaDinner/Bot/models.go:95.36,97.3 1 0
github.com/aaronangxz/SeaDinner/Bot/models.go:101.37,102.33 1 0
github.com/aaronangxz/SeaDinner/Bot/models.go:105.2,105.10 1 0
github.com/aaronangxz/SeaDinner/Bot/models.go:102.33,104.3 1 0
github.com/aaronangxz/SeaDinner/Bot/models.go:108.40,109.35 1 0
github.com/aaronangxz/SeaDinner/Bot/models.go:112.2,112.11 1 0
github.com/aaronangxz/SeaDinner/Bot/models.go:109.35,111.3 1 0
