mode: atomic
github.com/aaronangxz/SeaDinner/Bot/handlers.go:14.30,19.13 2 2
github.com/aaronangxz/SeaDinner/Bot/handlers.go:24.2,24.126 1 2
github.com/aaronangxz/SeaDinner/Bot/handlers.go:27.2,27.36 1 1
github.com/aaronangxz/SeaDinner/Bot/handlers.go:19.13,22.3 2 0
github.com/aaronangxz/SeaDinner/Bot/handlers.go:24.126,26.3 1 1
github.com/aaronangxz/SeaDinner/Bot/handlers.go:30.40,35.13 2 2
github.com/aaronangxz/SeaDinner/Bot/handlers.go:40.2,40.126 1 2
github.com/aaronangxz/SeaDinner/Bot/handlers.go:35.13,38.3 2 0
github.com/aaronangxz/SeaDinner/Bot/handlers.go:40.126,42.3 1 1
github.com/aaronangxz/SeaDinner/Bot/handlers.go:42.8,44.3 1 1
github.com/aaronangxz/SeaDinner/Bot/handlers.go:47.51,60.13 3 4
github.com/aaronangxz/SeaDinner/Bot/handlers.go:65.2,65.13 1 4
github.com/aaronangxz/SeaDinner/Bot/handlers.go:70.2,70.18 1 3
github.com/aaronangxz/SeaDinner/Bot/handlers.go:75.2,75.122 1 2
github.com/aaronangxz/SeaDinner/Bot/handlers.go:60.13,63.3 2 0
github.com/aaronangxz/SeaDinner/Bot/handlers.go:65.13,68.3 2 1
github.com/aaronangxz/SeaDinner/Bot/handlers.go:70.18,73.3 2 1
github.com/aaronangxz/SeaDinner/Bot/handlers.go:75.122,77.35 1 1
github.com/aaronangxz/SeaDinner/Bot/handlers.go:84.3,84.28 1 0
github.com/aaronangxz/SeaDinner/Bot/handlers.go:77.35,78.91 1 1
github.com/aaronangxz/SeaDinner/Bot/handlers.go:82.4,82.61 1 1
github.com/aaronangxz/SeaDinner/Bot/handlers.go:78.91,81.5 2 0
github.com/aaronangxz/SeaDinner/Bot/handlers.go:85.8,87.153 1 1
github.com/aaronangxz/SeaDinner/Bot/handlers.go:91.3,91.68 1 1
github.com/aaronangxz/SeaDinner/Bot/handlers.go:87.153,90.4 2 0
github.com/aaronangxz/SeaDinner/Bot/handlers.go:95.42,100.13 2 0
github.com/aaronangxz/SeaDinner/Bot/handlers.go:105.2,105.125 1 0
github.com/aaronangxz/SeaDinner/Bot/handlers.go:100.13,103.3 2 0
github.com/aaronangxz/SeaDinner/Bot/handlers.go:105.125,107.3 1 0
github.com/aaronangxz/SeaDinner/Bot/handlers.go:107.8,109.3 1 0
github.com/aaronangxz/SeaDinner/Bot/handlers.go:112.50,124.13 3 0
github.com/aaronangxz/SeaDinner/Bot/handlers.go:129.2,129.31 1 0
github.com/aaronangxz/SeaDinner/Bot/handlers.go:134.2,134.125 1 0
github.com/aaronangxz/SeaDinner/Bot/handlers.go:124.13,127.3 2 0
github.com/aaronangxz/SeaDinner/Bot/handlers.go:129.31,132.3 2 0
github.com/aaronangxz/SeaDinner/Bot/handlers.go:134.125,136.93 1 0
github.com/aaronangxz/SeaDinner/Bot/handlers.go:140.3,140.75 1 0
github.com/aaronangxz/SeaDinner/Bot/handlers.go:136.93,139.4 2 0
github.com/aaronangxz/SeaDinner/Bot/handlers.go:141.8,143.151 1 0
github.com/aaronangxz/SeaDinner/Bot/handlers.go:147.3,147.75 1 0
github.com/aaronangxz/SeaDinner/Bot/handlers.go:143.151,146.4 2 0
github.com/aaronangxz/SeaDinner/Bot/handlers.go:151.47,156.13 2 0
github.com/aaronangxz/SeaDinner/Bot/handlers.go:161.2,161.254 1 0
github.com/aaronangxz/SeaDinner/Bot/handlers.go:166.2,166.51 1 0
github.com/aaronangxz/SeaDinner/Bot/handlers.go:169.2,169.71 1 0
github.com/aaronangxz/SeaDinner/Bot/handlers.go:156.13,159.3 2 0
github.com/aaronangxz/SeaDinner/Bot/handlers.go:161.254,164.3 2 0
github.com/aaronangxz/SeaDinner/Bot/handlers.go:166.51,168.3 1 0
github.com/aaronangxz/SeaDinner/Bot/handlers.go:172.54,180.110 2 0
github.com/aaronangxz/SeaDinner/Bot/handlers.go:184.2,185.12 2 0
github.com/aaronangxz/SeaDinner/Bot/handlers.go:180.110,183.3 2 0
github.com/aaronangxz/SeaDinner/Bot/handlers.go:188.26,193.16 3 0
github.com/aaronangxz/SeaDinner/Bot/handlers.go:196.2,202.24 5 0
github.com/aaronangxz/SeaDinner/Bot/handlers.go:193.16,195.3 1 0
github.com/aaronangxz/SeaDinner/Bot/handlers.go:202.24,203.50 1 0
github.com/aaronangxz/SeaDinner/Bot/handlers.go:209.3,209.78 1 0
github.com/aaronangxz/SeaDinner/Bot/handlers.go:203.50,205.4 1 0
github.com/aaronangxz/SeaDinner/Bot/handlers.go:205.9,207.4 1 0
github.com/aaronangxz/SeaDinner/Bot/handlers.go:209.78,211.4 1 0
github.com/aaronangxz/SeaDinner/Bot/handlers.go:215.41,219.92 2 0
github.com/aaronangxz/SeaDinner/Bot/handlers.go:223.2,224.12 2 0
github.com/aaronangxz/SeaDinner/Bot/handlers.go:219.92,222.3 2 0
github.com/aaronangxz/SeaDinner/Bot/handlers.go:227.21,229.16 2 0
github.com/aaronangxz/SeaDinner/Bot/handlers.go:232.2,238.24 5 0
github.com/aaronangxz/SeaDinner/Bot/handlers.go:229.16,231.3 1 0
github.com/aaronangxz/SeaDinner/Bot/handlers.go:238.24,240.78 2 0
github.com/aaronangxz/SeaDinner/Bot/handlers.go:240.78,242.4 1 0
github.com/aaronangxz/SeaDinner/Bot/models.go:10.37,11.33 1 0
github.com/aaronangxz/SeaDinner/Bot/models.go:14.2,14.10 1 0
github.com/aaronangxz/SeaDinner/Bot/models.go:11.33,13.3 1 0
github.com/aaronangxz/SeaDinner/Bot/models.go:17.39,18.34 1 1
github.com/aaronangxz/SeaDinner/Bot/models.go:21.2,21.11 1 0
github.com/aaronangxz/SeaDinner/Bot/models.go:18.34,20.3 1 1
github.com/aaronangxz/SeaDinner/Bot/models.go:24.36,25.32 1 0
github.com/aaronangxz/SeaDinner/Bot/models.go:28.2,28.10 1 0
github.com/aaronangxz/SeaDinner/Bot/models.go:25.32,27.3 1 0
github.com/aaronangxz/SeaDinner/Bot/models.go:30.36,31.32 1 1
github.com/aaronangxz/SeaDinner/Bot/models.go:34.2,34.10 1 0
github.com/aaronangxz/SeaDinner/Bot/models.go:31.32,33.3 1 1
github.com/aaronangxz/SeaDinner/Bot/models.go:44.40,45.33 1 0
github.com/aaronangxz/SeaDinner/Bot/models.go:48.2,48.10 1 0
github.com/aaronangxz/SeaDinner/Bot/models.go:45.33,47.3 1 0
github.com/aaronangxz/SeaDinner/Bot/models.go:51.44,52.37 1 0
github.com/aaronangxz/SeaDinner/Bot/models.go:55.2,55.10 1 0
github.com/aaronangxz/SeaDinner/Bot/models.go:52.37,54.3 1 0
github.com/aaronangxz/SeaDinner/Bot/models.go:58.39,59.32 1 0
github.com/aaronangxz/SeaDinner/Bot/models.go:62.2,62.10 1 0
github.com/aaronangxz/SeaDinner/Bot/models.go:59.32,61.3 1 0
github.com/aaronangxz/SeaDinner/Bot/models.go:64.39,65.32 1 0
github.com/aaronangxz/SeaDinner/Bot/models.go:68.2,68.10 1 0
github.com/aaronangxz/SeaDinner/Bot/models.go:65.32,67.3 1 0
